22-Mar-2022 18:01:21.153 INFO [main] org.apache.catalina.startup.VersionLoggerListener.log Server version name:   Apache Tomcat/8.5.77
22-Mar-2022 18:01:21.155 INFO [main] org.apache.catalina.startup.VersionLoggerListener.log Server built:          Mar 13 2022 19:13:33 UTC
22-Mar-2022 18:01:21.157 INFO [main] org.apache.catalina.startup.VersionLoggerListener.log Server version number: 8.5.77.0
22-Mar-2022 18:01:21.157 INFO [main] org.apache.catalina.startup.VersionLoggerListener.log OS Name:               Windows 10
22-Mar-2022 18:01:21.157 INFO [main] org.apache.catalina.startup.VersionLoggerListener.log OS Version:            10.0
22-Mar-2022 18:01:21.157 INFO [main] org.apache.catalina.startup.VersionLoggerListener.log Architecture:          amd64
22-Mar-2022 18:01:21.157 INFO [main] org.apache.catalina.startup.VersionLoggerListener.log Java Home:             D:\Program Files\Java\jdk1.8.0_111\jre
22-Mar-2022 18:01:21.157 INFO [main] org.apache.catalina.startup.VersionLoggerListener.log JVM Version:           1.8.0_111-b14
22-Mar-2022 18:01:21.157 INFO [main] org.apache.catalina.startup.VersionLoggerListener.log JVM Vendor:            Oracle Corporation
22-Mar-2022 18:01:21.157 INFO [main] org.apache.catalina.startup.VersionLoggerListener.log CATALINA_BASE:         F:\SWP391\temp\Server\apache-tomcat-8.5.77
22-Mar-2022 18:01:21.157 INFO [main] org.apache.catalina.startup.VersionLoggerListener.log CATALINA_HOME:         F:\SWP391\temp\Server\apache-tomcat-8.5.77
22-Mar-2022 18:01:21.158 INFO [main] org.apache.catalina.startup.VersionLoggerListener.log Command line argument: -Djava.util.logging.config.file=F:\SWP391\temp\Server\apache-tomcat-8.5.77\conf\logging.properties
22-Mar-2022 18:01:21.158 INFO [main] org.apache.catalina.startup.VersionLoggerListener.log Command line argument: -Djava.util.logging.manager=org.apache.juli.ClassLoaderLogManager
22-Mar-2022 18:01:21.158 INFO [main] org.apache.catalina.startup.VersionLoggerListener.log Command line argument: -Dhttp.nonProxyHosts=localhost|127.0.0.1|DESKTOP-ETHQ132
22-Mar-2022 18:01:21.158 INFO [main] org.apache.catalina.startup.VersionLoggerListener.log Command line argument: -Djdk.tls.ephemeralDHKeySize=2048
22-Mar-2022 18:01:21.158 INFO [main] org.apache.catalina.startup.VersionLoggerListener.log Command line argument: -Djava.protocol.handler.pkgs=org.apache.catalina.webresources
22-Mar-2022 18:01:21.158 INFO [main] org.apache.catalina.startup.VersionLoggerListener.log Command line argument: -Dignore.endorsed.dirs=
22-Mar-2022 18:01:21.158 INFO [main] org.apache.catalina.startup.VersionLoggerListener.log Command line argument: -Dcatalina.base=F:\SWP391\temp\Server\apache-tomcat-8.5.77
22-Mar-2022 18:01:21.158 INFO [main] org.apache.catalina.startup.VersionLoggerListener.log Command line argument: -Dcatalina.home=F:\SWP391\temp\Server\apache-tomcat-8.5.77
22-Mar-2022 18:01:21.158 INFO [main] org.apache.catalina.startup.VersionLoggerListener.log Command line argument: -Djava.io.tmpdir=F:\SWP391\temp\Server\apache-tomcat-8.5.77\temp
22-Mar-2022 18:01:21.158 INFO [main] org.apache.catalina.core.AprLifecycleListener.lifecycleEvent Loaded Apache Tomcat Native library [1.2.31] using APR version [1.7.0].
22-Mar-2022 18:01:21.158 INFO [main] org.apache.catalina.core.AprLifecycleListener.lifecycleEvent APR capabilities: IPv6 [true], sendfile [true], accept filters [false], random [true], UDS [{4}].
22-Mar-2022 18:01:21.158 INFO [main] org.apache.catalina.core.AprLifecycleListener.lifecycleEvent APR/OpenSSL configuration: useAprConnector [false], useOpenSSL [true]
22-Mar-2022 18:01:21.162 INFO [main] org.apache.catalina.core.AprLifecycleListener.initializeSSL OpenSSL successfully initialized [OpenSSL 1.1.1l  24 Aug 2021]
22-Mar-2022 18:01:21.301 INFO [main] org.apache.coyote.AbstractProtocol.init Initializing ProtocolHandler ["http-nio-8088"]
22-Mar-2022 18:01:21.316 INFO [main] org.apache.catalina.startup.Catalina.load Initialization processed in 435 ms
22-Mar-2022 18:01:21.339 INFO [main] org.apache.catalina.core.StandardService.startInternal Starting service [Catalina]
22-Mar-2022 18:01:21.339 INFO [main] org.apache.catalina.core.StandardEngine.startInternal Starting Servlet engine: [Apache Tomcat/8.5.77]
22-Mar-2022 18:01:21.345 INFO [localhost-startStop-1] org.apache.catalina.startup.HostConfig.deployDirectory Deploying web application directory [F:\SWP391\temp\Server\apache-tomcat-8.5.77\webapps\docs]
22-Mar-2022 18:01:21.586 INFO [localhost-startStop-1] org.apache.catalina.startup.HostConfig.deployDirectory Deployment of web application directory [F:\SWP391\temp\Server\apache-tomcat-8.5.77\webapps\docs] has finished in [241] ms
22-Mar-2022 18:01:21.586 INFO [localhost-startStop-1] org.apache.catalina.startup.HostConfig.deployDirectory Deploying web application directory [F:\SWP391\temp\Server\apache-tomcat-8.5.77\webapps\examples]
22-Mar-2022 18:01:21.945 INFO [localhost-startStop-1] org.apache.catalina.startup.HostConfig.deployDirectory Deployment of web application directory [F:\SWP391\temp\Server\apache-tomcat-8.5.77\webapps\examples] has finished in [359] ms
22-Mar-2022 18:01:21.945 INFO [localhost-startStop-1] org.apache.catalina.startup.HostConfig.deployDirectory Deploying web application directory [F:\SWP391\temp\Server\apache-tomcat-8.5.77\webapps\host-manager]
22-Mar-2022 18:01:21.972 INFO [localhost-startStop-1] org.apache.catalina.startup.HostConfig.deployDirectory Deployment of web application directory [F:\SWP391\temp\Server\apache-tomcat-8.5.77\webapps\host-manager] has finished in [27] ms
22-Mar-2022 18:01:21.973 INFO [localhost-startStop-1] org.apache.catalina.startup.HostConfig.deployDirectory Deploying web application directory [F:\SWP391\temp\Server\apache-tomcat-8.5.77\webapps\manager]
22-Mar-2022 18:01:21.995 INFO [localhost-startStop-1] org.apache.catalina.startup.HostConfig.deployDirectory Deployment of web application directory [F:\SWP391\temp\Server\apache-tomcat-8.5.77\webapps\manager] has finished in [23] ms
22-Mar-2022 18:01:21.995 INFO [localhost-startStop-1] org.apache.catalina.startup.HostConfig.deployDirectory Deploying web application directory [F:\SWP391\temp\Server\apache-tomcat-8.5.77\webapps\ROOT]
22-Mar-2022 18:01:22.011 INFO [localhost-startStop-1] org.apache.catalina.startup.HostConfig.deployDirectory Deployment of web application directory [F:\SWP391\temp\Server\apache-tomcat-8.5.77\webapps\ROOT] has finished in [16] ms
22-Mar-2022 18:01:22.012 INFO [main] org.apache.coyote.AbstractProtocol.start Starting ProtocolHandler ["http-nio-8088"]
22-Mar-2022 18:01:22.053 INFO [main] org.apache.catalina.startup.Catalina.start Server startup in 736 ms
22-Mar-2022 18:01:27.041 INFO [http-nio-8088-exec-9] org.apache.catalina.startup.HostConfig.undeploy Undeploying context []
22-Mar-2022 18:01:27.082 INFO [http-nio-8088-exec-8] org.apache.catalina.startup.HostConfig.deployDescriptor Deploying deployment descriptor [F:\SWP391\temp\Server\apache-tomcat-8.5.77\conf\Catalina\localhost\ROOT.xml]
22-Mar-2022 18:01:28.491 INFO [http-nio-8088-exec-8] org.apache.jasper.servlet.TldScanner.scanJars At least one JAR was scanned for TLDs yet contained no TLDs. Enable debug logging for this logger for a complete list of JARs that were scanned but no TLDs were found in them. Skipping unneeded JARs during scanning can improve startup time and JSP compilation time.
22-Mar-2022 18:01:28.542 INFO [http-nio-8088-exec-8] org.springframework.web.context.ContextLoader.initWebApplicationContext Root WebApplicationContext: initialization started
22-Mar-2022 18:01:28.676 INFO [http-nio-8088-exec-8] org.springframework.context.support.AbstractApplicationContext.prepareRefresh Refreshing Root WebApplicationContext: startup date [Tue Mar 22 18:01:28 ICT 2022]; root of context hierarchy
22-Mar-2022 18:01:28.742 INFO [http-nio-8088-exec-8] org.springframework.beans.factory.xml.XmlBeanDefinitionReader.loadBeanDefinitions Loading XML bean definitions from ServletContext resource [/WEB-INF/applicationContext.xml]
22-Mar-2022 18:01:28.848 INFO [http-nio-8088-exec-8] org.springframework.web.context.ContextLoader.initWebApplicationContext Root WebApplicationContext: initialization completed in 306 ms
22-Mar-2022 18:01:28.869 INFO [http-nio-8088-exec-8] org.springframework.web.servlet.FrameworkServlet.initServletBean FrameworkServlet 'dispatcher': initialization started
22-Mar-2022 18:01:28.874 INFO [http-nio-8088-exec-8] org.springframework.context.support.AbstractApplicationContext.prepareRefresh Refreshing WebApplicationContext for namespace 'dispatcher-servlet': startup date [Tue Mar 22 18:01:28 ICT 2022]; parent: Root WebApplicationContext
22-Mar-2022 18:01:28.875 INFO [http-nio-8088-exec-8] org.springframework.beans.factory.xml.XmlBeanDefinitionReader.loadBeanDefinitions Loading XML bean definitions from ServletContext resource [/WEB-INF/dispatcher-servlet.xml]
22-Mar-2022 18:01:29.002 INFO [http-nio-8088-exec-8] org.springframework.web.servlet.handler.AbstractUrlHandlerMapping.registerHandler Mapped URL path [/index.htm] onto handler 'indexController'
22-Mar-2022 18:01:29.109 INFO [http-nio-8088-exec-8] org.springframework.web.servlet.FrameworkServlet.initServletBean FrameworkServlet 'dispatcher': initialization completed in 240 ms
22-Mar-2022 18:01:29.478 INFO [http-nio-8088-exec-8] org.apache.catalina.startup.HostConfig.deployDescriptor Deployment of deployment descriptor [F:\SWP391\temp\Server\apache-tomcat-8.5.77\conf\Catalina\localhost\ROOT.xml] has finished in [2,397] ms
22-Mar-2022 18:01:29.484 INFO [http-nio-8088-exec-10] org.apache.catalina.util.LifecycleBase.start The start() method was called on component [StandardEngine[Catalina].StandardHost[localhost].StandardContext[]] after start() had already been called. The second call will be ignored.
22-Mar-2022 18:01:44.532 WARNING [http-nio-8088-exec-10] com.microsoft.sqlserver.jdbc.TDSChannel.enableSSL TLSv1 was negotiated. Please update server and client to use TLSv1.2 at minimum.
22-Mar-2022 18:01:46.749 WARNING [http-nio-8088-exec-7] com.microsoft.sqlserver.jdbc.TDSChannel.enableSSL TLSv1 was negotiated. Please update server and client to use TLSv1.2 at minimum.
22-Mar-2022 18:01:46.757 WARNING [http-nio-8088-exec-7] com.microsoft.sqlserver.jdbc.TDSChannel.enableSSL TLSv1 was negotiated. Please update server and client to use TLSv1.2 at minimum.
22-Mar-2022 18:02:40.139 INFO [http-nio-8088-exec-18] org.apache.catalina.core.StandardContext.reload Reloading Context with name [] has started
22-Mar-2022 18:02:40.139 INFO [http-nio-8088-exec-18] org.springframework.context.support.AbstractApplicationContext.doClose Closing WebApplicationContext for namespace 'dispatcher-servlet': startup date [Tue Mar 22 18:01:28 ICT 2022]; parent: Root WebApplicationContext
22-Mar-2022 18:02:40.155 INFO [http-nio-8088-exec-18] org.springframework.context.support.AbstractApplicationContext.doClose Closing Root WebApplicationContext: startup date [Tue Mar 22 18:01:28 ICT 2022]; root of context hierarchy
22-Mar-2022 18:02:40.170 WARNING [http-nio-8088-exec-18] org.apache.catalina.loader.WebappClassLoaderBase.clearReferencesJdbc The web application [ROOT] registered the JDBC driver [com.microsoft.sqlserver.jdbc.SQLServerDriver] but failed to unregister it when the web application was stopped. To prevent a memory leak, the JDBC Driver has been forcibly unregistered.
22-Mar-2022 18:02:41.573 INFO [http-nio-8088-exec-18] org.apache.jasper.servlet.TldScanner.scanJars At least one JAR was scanned for TLDs yet contained no TLDs. Enable debug logging for this logger for a complete list of JARs that were scanned but no TLDs were found in them. Skipping unneeded JARs during scanning can improve startup time and JSP compilation time.
22-Mar-2022 18:02:41.605 INFO [http-nio-8088-exec-18] org.springframework.web.context.ContextLoader.initWebApplicationContext Root WebApplicationContext: initialization started
22-Mar-2022 18:02:41.711 INFO [http-nio-8088-exec-18] org.springframework.context.support.AbstractApplicationContext.prepareRefresh Refreshing Root WebApplicationContext: startup date [Tue Mar 22 18:02:41 ICT 2022]; root of context hierarchy
22-Mar-2022 18:02:41.758 INFO [http-nio-8088-exec-18] org.springframework.beans.factory.xml.XmlBeanDefinitionReader.loadBeanDefinitions Loading XML bean definitions from ServletContext resource [/WEB-INF/applicationContext.xml]
22-Mar-2022 18:02:41.827 INFO [http-nio-8088-exec-18] org.springframework.web.context.ContextLoader.initWebApplicationContext Root WebApplicationContext: initialization completed in 222 ms
22-Mar-2022 18:02:41.858 INFO [http-nio-8088-exec-18] org.springframework.web.servlet.FrameworkServlet.initServletBean FrameworkServlet 'dispatcher': initialization started
22-Mar-2022 18:02:41.858 INFO [http-nio-8088-exec-18] org.springframework.context.support.AbstractApplicationContext.prepareRefresh Refreshing WebApplicationContext for namespace 'dispatcher-servlet': startup date [Tue Mar 22 18:02:41 ICT 2022]; parent: Root WebApplicationContext
22-Mar-2022 18:02:41.858 INFO [http-nio-8088-exec-18] org.springframework.beans.factory.xml.XmlBeanDefinitionReader.loadBeanDefinitions Loading XML bean definitions from ServletContext resource [/WEB-INF/dispatcher-servlet.xml]
22-Mar-2022 18:02:41.974 INFO [http-nio-8088-exec-18] org.springframework.web.servlet.handler.AbstractUrlHandlerMapping.registerHandler Mapped URL path [/index.htm] onto handler 'indexController'
22-Mar-2022 18:02:42.028 INFO [http-nio-8088-exec-18] org.springframework.web.servlet.FrameworkServlet.initServletBean FrameworkServlet 'dispatcher': initialization completed in 170 ms
22-Mar-2022 18:02:42.051 INFO [http-nio-8088-exec-18] org.apache.catalina.core.StandardContext.reload Reloading Context with name [] is completed
22-Mar-2022 18:02:44.041 INFO [http-nio-8088-exec-12] org.apache.catalina.core.StandardContext.reload Reloading Context with name [] has started
22-Mar-2022 18:02:44.044 INFO [http-nio-8088-exec-12] org.springframework.context.support.AbstractApplicationContext.doClose Closing WebApplicationContext for namespace 'dispatcher-servlet': startup date [Tue Mar 22 18:02:41 ICT 2022]; parent: Root WebApplicationContext
22-Mar-2022 18:02:44.048 INFO [http-nio-8088-exec-12] org.springframework.context.support.AbstractApplicationContext.doClose Closing Root WebApplicationContext: startup date [Tue Mar 22 18:02:41 ICT 2022]; root of context hierarchy
22-Mar-2022 18:02:45.438 INFO [http-nio-8088-exec-12] org.apache.jasper.servlet.TldScanner.scanJars At least one JAR was scanned for TLDs yet contained no TLDs. Enable debug logging for this logger for a complete list of JARs that were scanned but no TLDs were found in them. Skipping unneeded JARs during scanning can improve startup time and JSP compilation time.
22-Mar-2022 18:02:45.474 INFO [http-nio-8088-exec-12] org.springframework.web.context.ContextLoader.initWebApplicationContext Root WebApplicationContext: initialization started
22-Mar-2022 18:02:45.597 INFO [http-nio-8088-exec-12] org.springframework.context.support.AbstractApplicationContext.prepareRefresh Refreshing Root WebApplicationContext: startup date [Tue Mar 22 18:02:45 ICT 2022]; root of context hierarchy
22-Mar-2022 18:02:45.655 INFO [http-nio-8088-exec-12] org.springframework.beans.factory.xml.XmlBeanDefinitionReader.loadBeanDefinitions Loading XML bean definitions from ServletContext resource [/WEB-INF/applicationContext.xml]
22-Mar-2022 18:02:45.721 INFO [http-nio-8088-exec-12] org.springframework.web.context.ContextLoader.initWebApplicationContext Root WebApplicationContext: initialization completed in 247 ms
22-Mar-2022 18:02:45.746 INFO [http-nio-8088-exec-12] org.springframework.web.servlet.FrameworkServlet.initServletBean FrameworkServlet 'dispatcher': initialization started
22-Mar-2022 18:02:45.750 INFO [http-nio-8088-exec-12] org.springframework.context.support.AbstractApplicationContext.prepareRefresh Refreshing WebApplicationContext for namespace 'dispatcher-servlet': startup date [Tue Mar 22 18:02:45 ICT 2022]; parent: Root WebApplicationContext
22-Mar-2022 18:02:45.751 INFO [http-nio-8088-exec-12] org.springframework.beans.factory.xml.XmlBeanDefinitionReader.loadBeanDefinitions Loading XML bean definitions from ServletContext resource [/WEB-INF/dispatcher-servlet.xml]
22-Mar-2022 18:02:45.852 INFO [http-nio-8088-exec-12] org.springframework.web.servlet.handler.AbstractUrlHandlerMapping.registerHandler Mapped URL path [/index.htm] onto handler 'indexController'
22-Mar-2022 18:02:45.907 INFO [http-nio-8088-exec-12] org.springframework.web.servlet.FrameworkServlet.initServletBean FrameworkServlet 'dispatcher': initialization completed in 161 ms
22-Mar-2022 18:02:45.915 INFO [http-nio-8088-exec-12] org.apache.catalina.core.StandardContext.reload Reloading Context with name [] is completed
22-Mar-2022 18:02:46.347 WARNING [http-nio-8088-exec-17] com.microsoft.sqlserver.jdbc.TDSChannel.enableSSL TLSv1 was negotiated. Please update server and client to use TLSv1.2 at minimum.
22-Mar-2022 18:02:46.364 WARNING [http-nio-8088-exec-17] com.microsoft.sqlserver.jdbc.TDSChannel.enableSSL TLSv1 was negotiated. Please update server and client to use TLSv1.2 at minimum.
22-Mar-2022 18:14:36.635 INFO [main] org.apache.catalina.core.StandardServer.await A valid shutdown command was received via the shutdown port. Stopping the Server instance.
22-Mar-2022 18:14:36.636 INFO [main] org.apache.coyote.AbstractProtocol.pause Pausing ProtocolHandler ["http-nio-8088"]
22-Mar-2022 18:14:36.672 INFO [main] org.apache.catalina.core.StandardService.stopInternal Stopping service [Catalina]
22-Mar-2022 18:14:36.676 INFO [localhost-startStop-2] org.springframework.context.support.AbstractApplicationContext.doClose Closing WebApplicationContext for namespace 'dispatcher-servlet': startup date [Tue Mar 22 18:02:45 ICT 2022]; parent: Root WebApplicationContext
22-Mar-2022 18:14:36.681 INFO [localhost-startStop-2] org.springframework.context.support.AbstractApplicationContext.doClose Closing Root WebApplicationContext: startup date [Tue Mar 22 18:02:45 ICT 2022]; root of context hierarchy
22-Mar-2022 18:14:36.691 WARNING [localhost-startStop-2] org.apache.catalina.loader.WebappClassLoaderBase.clearReferencesJdbc The web application [ROOT] registered the JDBC driver [com.microsoft.sqlserver.jdbc.SQLServerDriver] but failed to unregister it when the web application was stopped. To prevent a memory leak, the JDBC Driver has been forcibly unregistered.
22-Mar-2022 18:14:36.699 INFO [main] org.apache.coyote.AbstractProtocol.stop Stopping ProtocolHandler ["http-nio-8088"]
22-Mar-2022 18:14:36.715 INFO [main] org.apache.coyote.AbstractProtocol.destroy Destroying ProtocolHandler ["http-nio-8088"]
