22-Mar-2022 18:01:21.935 INFO [localhost-startStop-1] org.apache.catalina.core.ApplicationContext.log ContextListener: contextInitialized()
22-Mar-2022 18:01:21.935 INFO [localhost-startStop-1] org.apache.catalina.core.ApplicationContext.log SessionListener: contextInitialized()
22-Mar-2022 18:01:21.936 INFO [localhost-startStop-1] org.apache.catalina.core.ApplicationContext.log ContextListener: attributeAdded('StockTicker', 'async.Stockticker@40dbae60')
22-Mar-2022 18:01:28.505 INFO [http-nio-8088-exec-8] org.apache.catalina.core.ApplicationContext.log No Spring WebApplicationInitializer types detected on classpath
22-Mar-2022 18:01:28.542 INFO [http-nio-8088-exec-8] org.apache.catalina.core.ApplicationContext.log Initializing Spring root WebApplicationContext
22-Mar-2022 18:01:28.869 INFO [http-nio-8088-exec-8] org.apache.catalina.core.ApplicationContext.log Initializing Spring FrameworkServlet 'dispatcher'
22-Mar-2022 18:02:40.139 INFO [http-nio-8088-exec-18] org.apache.catalina.core.ApplicationContext.log Destroying Spring FrameworkServlet 'dispatcher'
22-Mar-2022 18:02:40.155 INFO [http-nio-8088-exec-18] org.apache.catalina.core.ApplicationContext.log Closing Spring root WebApplicationContext
22-Mar-2022 18:02:41.573 INFO [http-nio-8088-exec-18] org.apache.catalina.core.ApplicationContext.log No Spring WebApplicationInitializer types detected on classpath
22-Mar-2022 18:02:41.605 INFO [http-nio-8088-exec-18] org.apache.catalina.core.ApplicationContext.log Initializing Spring root WebApplicationContext
22-Mar-2022 18:02:41.858 INFO [http-nio-8088-exec-18] org.apache.catalina.core.ApplicationContext.log Initializing Spring FrameworkServlet 'dispatcher'
22-Mar-2022 18:02:44.044 INFO [http-nio-8088-exec-12] org.apache.catalina.core.ApplicationContext.log Destroying Spring FrameworkServlet 'dispatcher'
22-Mar-2022 18:02:44.048 INFO [http-nio-8088-exec-12] org.apache.catalina.core.ApplicationContext.log Closing Spring root WebApplicationContext
22-Mar-2022 18:02:45.449 INFO [http-nio-8088-exec-12] org.apache.catalina.core.ApplicationContext.log No Spring WebApplicationInitializer types detected on classpath
22-Mar-2022 18:02:45.473 INFO [http-nio-8088-exec-12] org.apache.catalina.core.ApplicationContext.log Initializing Spring root WebApplicationContext
22-Mar-2022 18:02:45.746 INFO [http-nio-8088-exec-12] org.apache.catalina.core.ApplicationContext.log Initializing Spring FrameworkServlet 'dispatcher'
22-Mar-2022 18:14:36.676 INFO [localhost-startStop-2] org.apache.catalina.core.ApplicationContext.log Destroying Spring FrameworkServlet 'dispatcher'
22-Mar-2022 18:14:36.681 INFO [localhost-startStop-2] org.apache.catalina.core.ApplicationContext.log Closing Spring root WebApplicationContext
22-Mar-2022 18:14:36.693 INFO [localhost-startStop-2] org.apache.catalina.core.ApplicationContext.log SessionListener: contextDestroyed()
22-Mar-2022 18:14:36.693 INFO [localhost-startStop-2] org.apache.catalina.core.ApplicationContext.log ContextListener: contextDestroyed()
