24-Mar-2022 14:30:16.287 INFO [http-nio-8088-exec-6] org.apache.catalina.core.ApplicationContext.log Manager: list: Listing contexts for virtual host 'localhost'
24-Mar-2022 14:33:20.813 INFO [http-nio-8088-exec-10] org.apache.catalina.core.ApplicationContext.log Manager: list: Listing contexts for virtual host 'localhost'
24-Mar-2022 14:33:36.106 INFO [http-nio-8088-exec-9] org.apache.catalina.core.ApplicationContext.log Manager: list: Listing contexts for virtual host 'localhost'
24-Mar-2022 14:33:45.667 INFO [http-nio-8088-exec-9] org.apache.catalina.core.ApplicationContext.log Manager: list: Listing contexts for virtual host 'localhost'
24-Mar-2022 14:33:45.669 INFO [http-nio-8088-exec-7] org.apache.catalina.core.ApplicationContext.log Manager: list: Listing contexts for virtual host 'localhost'
24-Mar-2022 14:34:07.617 INFO [http-nio-8088-exec-10] org.apache.catalina.core.ApplicationContext.log Manager: list: Listing contexts for virtual host 'localhost'
24-Mar-2022 14:34:07.624 INFO [http-nio-8088-exec-4] org.apache.catalina.core.ApplicationContext.log Manager: stop: Stopping web application '/'
24-Mar-2022 14:34:07.645 INFO [http-nio-8088-exec-2] org.apache.catalina.core.ApplicationContext.log Manager: start: Starting web application '/'
24-Mar-2022 14:34:10.021 INFO [http-nio-8088-exec-1] org.apache.catalina.core.ApplicationContext.log Manager: list: Listing contexts for virtual host 'localhost'
24-Mar-2022 14:34:10.025 INFO [http-nio-8088-exec-8] org.apache.catalina.core.ApplicationContext.log Manager: restart: Reloading web application '/'
24-Mar-2022 14:34:31.289 INFO [http-nio-8088-exec-7] org.apache.catalina.core.ApplicationContext.log Manager: list: Listing contexts for virtual host 'localhost'
24-Mar-2022 14:34:31.294 INFO [http-nio-8088-exec-3] org.apache.catalina.core.ApplicationContext.log Manager: restart: Reloading web application '/'
24-Mar-2022 14:36:39.999 INFO [http-nio-8088-exec-16] org.apache.catalina.core.ApplicationContext.log Manager: list: Listing contexts for virtual host 'localhost'
24-Mar-2022 14:38:18.007 INFO [http-nio-8088-exec-18] org.apache.catalina.core.ApplicationContext.log Manager: list: Listing contexts for virtual host 'localhost'
24-Mar-2022 14:38:38.849 INFO [http-nio-8088-exec-18] org.apache.catalina.core.ApplicationContext.log Manager: list: Listing contexts for virtual host 'localhost'
24-Mar-2022 14:38:59.900 INFO [http-nio-8088-exec-18] org.apache.catalina.core.ApplicationContext.log Manager: list: Listing contexts for virtual host 'localhost'
24-Mar-2022 14:40:16.418 INFO [http-nio-8088-exec-15] org.apache.catalina.core.ApplicationContext.log Manager: list: Listing contexts for virtual host 'localhost'
24-Mar-2022 14:43:13.646 INFO [http-nio-8088-exec-18] org.apache.catalina.core.ApplicationContext.log Manager: list: Listing contexts for virtual host 'localhost'
24-Mar-2022 14:43:41.199 INFO [http-nio-8088-exec-19] org.apache.catalina.core.ApplicationContext.log Manager: list: Listing contexts for virtual host 'localhost'
24-Mar-2022 14:47:23.677 INFO [http-nio-8088-exec-21] org.apache.catalina.core.ApplicationContext.log Manager: list: Listing contexts for virtual host 'localhost'
24-Mar-2022 14:53:08.685 INFO [http-nio-8088-exec-17] org.apache.catalina.core.ApplicationContext.log Manager: list: Listing contexts for virtual host 'localhost'
24-Mar-2022 14:53:13.012 INFO [http-nio-8088-exec-24] org.apache.catalina.core.ApplicationContext.log Manager: list: Listing contexts for virtual host 'localhost'
24-Mar-2022 14:57:04.948 INFO [http-nio-8088-exec-22] org.apache.catalina.core.ApplicationContext.log Manager: list: Listing contexts for virtual host 'localhost'
24-Mar-2022 14:57:19.959 INFO [http-nio-8088-exec-19] org.apache.catalina.core.ApplicationContext.log Manager: list: Listing contexts for virtual host 'localhost'
24-Mar-2022 14:57:31.403 INFO [http-nio-8088-exec-24] org.apache.catalina.core.ApplicationContext.log Manager: list: Listing contexts for virtual host 'localhost'
24-Mar-2022 14:58:11.652 INFO [http-nio-8088-exec-16] org.apache.catalina.core.ApplicationContext.log Manager: list: Listing contexts for virtual host 'localhost'
24-Mar-2022 15:06:19.204 INFO [http-nio-8088-exec-17] org.apache.catalina.core.ApplicationContext.log Manager: list: Listing contexts for virtual host 'localhost'
24-Mar-2022 15:06:25.221 INFO [http-nio-8088-exec-23] org.apache.catalina.core.ApplicationContext.log Manager: list: Listing contexts for virtual host 'localhost'
24-Mar-2022 15:06:35.899 INFO [http-nio-8088-exec-24] org.apache.catalina.core.ApplicationContext.log Manager: list: Listing contexts for virtual host 'localhost'
24-Mar-2022 15:06:49.923 INFO [http-nio-8088-exec-21] org.apache.catalina.core.ApplicationContext.log Manager: list: Listing contexts for virtual host 'localhost'
24-Mar-2022 15:07:17.551 INFO [http-nio-8088-exec-18] org.apache.catalina.core.ApplicationContext.log Manager: list: Listing contexts for virtual host 'localhost'
24-Mar-2022 15:07:32.048 INFO [http-nio-8088-exec-23] org.apache.catalina.core.ApplicationContext.log Manager: list: Listing contexts for virtual host 'localhost'
24-Mar-2022 15:08:31.755 INFO [http-nio-8088-exec-24] org.apache.catalina.core.ApplicationContext.log Manager: list: Listing contexts for virtual host 'localhost'
24-Mar-2022 15:08:34.072 INFO [http-nio-8088-exec-21] org.apache.catalina.core.ApplicationContext.log Manager: list: Listing contexts for virtual host 'localhost'
24-Mar-2022 15:29:50.366 INFO [http-nio-8088-exec-17] org.apache.catalina.core.ApplicationContext.log Manager: list: Listing contexts for virtual host 'localhost'
24-Mar-2022 15:29:50.371 INFO [http-nio-8088-exec-20] org.apache.catalina.core.ApplicationContext.log Manager: restart: Reloading web application '/'
24-Mar-2022 15:33:35.535 INFO [http-nio-8088-exec-28] org.apache.catalina.core.ApplicationContext.log Manager: list: Listing contexts for virtual host 'localhost'
24-Mar-2022 15:33:35.539 INFO [http-nio-8088-exec-27] org.apache.catalina.core.ApplicationContext.log Manager: restart: Reloading web application '/'
24-Mar-2022 15:38:20.015 INFO [http-nio-8088-exec-36] org.apache.catalina.core.ApplicationContext.log Manager: list: Listing contexts for virtual host 'localhost'
24-Mar-2022 15:38:20.021 INFO [http-nio-8088-exec-35] org.apache.catalina.core.ApplicationContext.log Manager: restart: Reloading web application '/'
24-Mar-2022 15:39:09.960 INFO [http-nio-8088-exec-36] org.apache.catalina.core.ApplicationContext.log Manager: list: Listing contexts for virtual host 'localhost'
24-Mar-2022 15:39:09.965 INFO [http-nio-8088-exec-39] org.apache.catalina.core.ApplicationContext.log Manager: restart: Reloading web application '/'
24-Mar-2022 15:39:35.523 INFO [http-nio-8088-exec-40] org.apache.catalina.core.ApplicationContext.log Manager: list: Listing contexts for virtual host 'localhost'
24-Mar-2022 15:39:35.527 INFO [http-nio-8088-exec-43] org.apache.catalina.core.ApplicationContext.log Manager: restart: Reloading web application '/'
24-Mar-2022 15:40:54.343 INFO [http-nio-8088-exec-50] org.apache.catalina.core.ApplicationContext.log Manager: list: Listing contexts for virtual host 'localhost'
24-Mar-2022 15:40:54.347 INFO [http-nio-8088-exec-40] org.apache.catalina.core.ApplicationContext.log Manager: restart: Reloading web application '/'
24-Mar-2022 15:45:03.373 INFO [http-nio-8088-exec-53] org.apache.catalina.core.ApplicationContext.log Manager: list: Listing contexts for virtual host 'localhost'
24-Mar-2022 15:45:03.378 INFO [http-nio-8088-exec-54] org.apache.catalina.core.ApplicationContext.log Manager: restart: Reloading web application '/'
24-Mar-2022 15:45:41.507 INFO [http-nio-8088-exec-60] org.apache.catalina.core.ApplicationContext.log Manager: list: Listing contexts for virtual host 'localhost'
24-Mar-2022 15:45:41.511 INFO [http-nio-8088-exec-62] org.apache.catalina.core.ApplicationContext.log Manager: stop: Stopping web application '/'
24-Mar-2022 15:45:41.527 INFO [http-nio-8088-exec-61] org.apache.catalina.core.ApplicationContext.log Manager: start: Starting web application '/'
24-Mar-2022 15:45:43.763 INFO [http-nio-8088-exec-65] org.apache.catalina.core.ApplicationContext.log Manager: list: Listing contexts for virtual host 'localhost'
24-Mar-2022 15:46:05.505 INFO [http-nio-8088-exec-65] org.apache.catalina.core.ApplicationContext.log Manager: list: Listing contexts for virtual host 'localhost'
24-Mar-2022 15:46:05.509 INFO [http-nio-8088-exec-64] org.apache.catalina.core.ApplicationContext.log Manager: restart: Reloading web application '/'
24-Mar-2022 15:48:13.126 INFO [http-nio-8088-exec-69] org.apache.catalina.core.ApplicationContext.log Manager: list: Listing contexts for virtual host 'localhost'
24-Mar-2022 15:48:13.131 INFO [http-nio-8088-exec-68] org.apache.catalina.core.ApplicationContext.log Manager: restart: Reloading web application '/'
24-Mar-2022 15:48:31.102 INFO [http-nio-8088-exec-71] org.apache.catalina.core.ApplicationContext.log Manager: list: Listing contexts for virtual host 'localhost'
24-Mar-2022 15:48:31.105 INFO [http-nio-8088-exec-74] org.apache.catalina.core.ApplicationContext.log Manager: restart: Reloading web application '/'
24-Mar-2022 15:48:48.156 INFO [http-nio-8088-exec-76] org.apache.catalina.core.ApplicationContext.log Manager: list: Listing contexts for virtual host 'localhost'
24-Mar-2022 15:48:48.160 INFO [http-nio-8088-exec-62] org.apache.catalina.core.ApplicationContext.log Manager: restart: Reloading web application '/'
24-Mar-2022 16:30:00.248 INFO [http-nio-8088-exec-83] org.apache.catalina.core.ApplicationContext.log Manager: list: Listing contexts for virtual host 'localhost'
24-Mar-2022 16:30:00.248 INFO [http-nio-8088-exec-80] org.apache.catalina.core.ApplicationContext.log Manager: stop: Stopping web application '/'
24-Mar-2022 16:30:00.279 INFO [http-nio-8088-exec-85] org.apache.catalina.core.ApplicationContext.log Manager: start: Starting web application '/'
24-Mar-2022 16:38:57.058 INFO [http-nio-8088-exec-6] org.apache.catalina.core.ApplicationContext.log Manager: init: Associated with Deployer 'Catalina:type=Deployer,host=localhost'
24-Mar-2022 16:38:57.058 INFO [http-nio-8088-exec-6] org.apache.catalina.core.ApplicationContext.log Manager: init: Global resources are available
24-Mar-2022 16:38:57.759 INFO [http-nio-8088-exec-10] org.apache.catalina.core.ApplicationContext.log Manager: list: Listing contexts for virtual host 'localhost'
24-Mar-2022 16:38:57.764 INFO [http-nio-8088-exec-1] org.apache.catalina.core.ApplicationContext.log Manager: list: Listing contexts for virtual host 'localhost'
24-Mar-2022 16:38:57.830 INFO [http-nio-8088-exec-2] org.apache.catalina.core.ApplicationContext.log Manager: stop: Stopping web application '/'
24-Mar-2022 16:38:57.892 INFO [http-nio-8088-exec-7] org.apache.catalina.core.ApplicationContext.log Manager: start: Starting web application '/'
24-Mar-2022 17:00:04.034 INFO [http-nio-8088-exec-6] org.apache.catalina.core.ApplicationContext.log Manager: init: Associated with Deployer 'Catalina:type=Deployer,host=localhost'
24-Mar-2022 17:00:04.034 INFO [http-nio-8088-exec-6] org.apache.catalina.core.ApplicationContext.log Manager: init: Global resources are available
24-Mar-2022 17:00:04.353 INFO [http-nio-8088-exec-8] org.apache.catalina.core.ApplicationContext.log Manager: list: Listing contexts for virtual host 'localhost'
24-Mar-2022 17:00:04.358 INFO [http-nio-8088-exec-9] org.apache.catalina.core.ApplicationContext.log Manager: list: Listing contexts for virtual host 'localhost'
24-Mar-2022 17:00:04.428 INFO [http-nio-8088-exec-10] org.apache.catalina.core.ApplicationContext.log Manager: undeploy: Undeploying web application at '/'
24-Mar-2022 17:00:05.041 INFO [http-nio-8088-exec-9] org.apache.catalina.core.ApplicationContext.log Manager: install: Installing context configuration at 'file:/C:/Users/chinh/AppData/Local/Temp/context8742876093994737791.xml'
24-Mar-2022 17:04:38.192 INFO [http-nio-8088-exec-5] org.apache.catalina.core.ApplicationContext.log Manager: init: Associated with Deployer 'Catalina:type=Deployer,host=localhost'
24-Mar-2022 17:04:38.192 INFO [http-nio-8088-exec-5] org.apache.catalina.core.ApplicationContext.log Manager: init: Global resources are available
24-Mar-2022 17:04:38.668 INFO [http-nio-8088-exec-8] org.apache.catalina.core.ApplicationContext.log Manager: list: Listing contexts for virtual host 'localhost'
24-Mar-2022 17:04:38.668 INFO [http-nio-8088-exec-9] org.apache.catalina.core.ApplicationContext.log Manager: list: Listing contexts for virtual host 'localhost'
24-Mar-2022 17:04:38.721 INFO [http-nio-8088-exec-10] org.apache.catalina.core.ApplicationContext.log Manager: restart: Reloading web application '/'
24-Mar-2022 17:05:39.949 INFO [http-nio-8088-exec-6] org.apache.catalina.core.ApplicationContext.log Manager: list: Listing contexts for virtual host 'localhost'
24-Mar-2022 17:05:39.969 INFO [http-nio-8088-exec-13] org.apache.catalina.core.ApplicationContext.log Manager: restart: Reloading web application '/'
24-Mar-2022 17:05:58.300 INFO [http-nio-8088-exec-1] org.apache.catalina.core.ApplicationContext.log Manager: list: Listing contexts for virtual host 'localhost'
24-Mar-2022 17:05:58.304 INFO [http-nio-8088-exec-11] org.apache.catalina.core.ApplicationContext.log Manager: restart: Reloading web application '/'
24-Mar-2022 17:09:36.647 INFO [http-nio-8088-exec-21] org.apache.catalina.core.ApplicationContext.log Manager: list: Listing contexts for virtual host 'localhost'
24-Mar-2022 17:09:51.402 INFO [http-nio-8088-exec-19] org.apache.catalina.core.ApplicationContext.log Manager: list: Listing contexts for virtual host 'localhost'
