23-Mar-2022 10:34:22.101 INFO [http-nio-8088-exec-5] org.apache.catalina.core.ApplicationContext.log Manager: init: Associated with Deployer 'Catalina:type=Deployer,host=localhost'
23-Mar-2022 10:34:22.102 INFO [http-nio-8088-exec-5] org.apache.catalina.core.ApplicationContext.log Manager: init: Global resources are available
23-Mar-2022 10:34:22.585 INFO [http-nio-8088-exec-9] org.apache.catalina.core.ApplicationContext.log Manager: list: Listing contexts for virtual host 'localhost'
23-Mar-2022 10:34:22.589 INFO [http-nio-8088-exec-10] org.apache.catalina.core.ApplicationContext.log Manager: list: Listing contexts for virtual host 'localhost'
23-Mar-2022 10:34:22.649 INFO [http-nio-8088-exec-1] org.apache.catalina.core.ApplicationContext.log Manager: restart: Reloading web application '/'
23-Mar-2022 10:36:12.452 INFO [http-nio-8088-exec-11] org.apache.catalina.core.ApplicationContext.log Manager: list: Listing contexts for virtual host 'localhost'
23-Mar-2022 10:36:12.462 INFO [http-nio-8088-exec-12] org.apache.catalina.core.ApplicationContext.log Manager: restart: Reloading web application '/'
23-Mar-2022 10:37:57.987 INFO [http-nio-8088-exec-20] org.apache.catalina.core.ApplicationContext.log Manager: list: Listing contexts for virtual host 'localhost'
23-Mar-2022 10:39:29.269 INFO [http-nio-8088-exec-23] org.apache.catalina.core.ApplicationContext.log Manager: list: Listing contexts for virtual host 'localhost'
23-Mar-2022 10:39:34.252 INFO [http-nio-8088-exec-28] org.apache.catalina.core.ApplicationContext.log Manager: list: Listing contexts for virtual host 'localhost'
23-Mar-2022 10:49:47.525 INFO [http-nio-8088-exec-28] org.apache.catalina.core.ApplicationContext.log Manager: list: Listing contexts for virtual host 'localhost'
23-Mar-2022 10:49:47.531 INFO [http-nio-8088-exec-27] org.apache.catalina.core.ApplicationContext.log Manager: restart: Reloading web application '/'
23-Mar-2022 10:50:33.122 INFO [http-nio-8088-exec-26] org.apache.catalina.core.ApplicationContext.log Manager: list: Listing contexts for virtual host 'localhost'
23-Mar-2022 10:50:33.128 INFO [http-nio-8088-exec-23] org.apache.catalina.core.ApplicationContext.log Manager: restart: Reloading web application '/'
23-Mar-2022 10:51:27.276 INFO [http-nio-8088-exec-30] org.apache.catalina.core.ApplicationContext.log Manager: list: Listing contexts for virtual host 'localhost'
23-Mar-2022 10:51:27.280 INFO [http-nio-8088-exec-25] org.apache.catalina.core.ApplicationContext.log Manager: restart: Reloading web application '/'
23-Mar-2022 10:51:32.728 INFO [http-nio-8088-exec-34] org.apache.catalina.core.ApplicationContext.log Manager: list: Listing contexts for virtual host 'localhost'
23-Mar-2022 10:51:32.732 INFO [http-nio-8088-exec-24] org.apache.catalina.core.ApplicationContext.log Manager: restart: Reloading web application '/'
23-Mar-2022 10:52:05.154 INFO [http-nio-8088-exec-37] org.apache.catalina.core.ApplicationContext.log Manager: list: Listing contexts for virtual host 'localhost'
23-Mar-2022 10:52:05.159 INFO [http-nio-8088-exec-34] org.apache.catalina.core.ApplicationContext.log Manager: restart: Reloading web application '/'
23-Mar-2022 10:54:01.784 INFO [http-nio-8088-exec-46] org.apache.catalina.core.ApplicationContext.log Manager: list: Listing contexts for virtual host 'localhost'
23-Mar-2022 10:54:01.788 INFO [http-nio-8088-exec-45] org.apache.catalina.core.ApplicationContext.log Manager: restart: Reloading web application '/'
23-Mar-2022 10:58:19.904 INFO [http-nio-8088-exec-53] org.apache.catalina.core.ApplicationContext.log Manager: list: Listing contexts for virtual host 'localhost'
23-Mar-2022 10:59:40.560 INFO [http-nio-8088-exec-50] org.apache.catalina.core.ApplicationContext.log Manager: list: Listing contexts for virtual host 'localhost'
23-Mar-2022 11:09:52.737 INFO [http-nio-8088-exec-50] org.apache.catalina.core.ApplicationContext.log Manager: list: Listing contexts for virtual host 'localhost'
23-Mar-2022 11:09:52.743 INFO [http-nio-8088-exec-53] org.apache.catalina.core.ApplicationContext.log Manager: restart: Reloading web application '/'
23-Mar-2022 11:10:18.747 INFO [http-nio-8088-exec-51] org.apache.catalina.core.ApplicationContext.log Manager: list: Listing contexts for virtual host 'localhost'
23-Mar-2022 11:10:18.752 INFO [http-nio-8088-exec-59] org.apache.catalina.core.ApplicationContext.log Manager: restart: Reloading web application '/'
23-Mar-2022 11:10:37.548 INFO [http-nio-8088-exec-60] org.apache.catalina.core.ApplicationContext.log Manager: list: Listing contexts for virtual host 'localhost'
23-Mar-2022 11:22:40.712 INFO [http-nio-8088-exec-64] org.apache.catalina.core.ApplicationContext.log Manager: list: Listing contexts for virtual host 'localhost'
23-Mar-2022 11:22:40.715 INFO [http-nio-8088-exec-65] org.apache.catalina.core.ApplicationContext.log Manager: restart: Reloading web application '/'
23-Mar-2022 11:23:08.378 INFO [http-nio-8088-exec-71] org.apache.catalina.core.ApplicationContext.log Manager: list: Listing contexts for virtual host 'localhost'
23-Mar-2022 11:23:08.383 INFO [http-nio-8088-exec-68] org.apache.catalina.core.ApplicationContext.log Manager: restart: Reloading web application '/'
23-Mar-2022 11:23:47.794 INFO [http-nio-8088-exec-63] org.apache.catalina.core.ApplicationContext.log Manager: list: Listing contexts for virtual host 'localhost'
23-Mar-2022 11:23:47.799 INFO [http-nio-8088-exec-69] org.apache.catalina.core.ApplicationContext.log Manager: restart: Reloading web application '/'
23-Mar-2022 11:39:28.613 INFO [http-nio-8088-exec-78] org.apache.catalina.core.ApplicationContext.log Manager: list: Listing contexts for virtual host 'localhost'
23-Mar-2022 11:39:28.618 INFO [http-nio-8088-exec-79] org.apache.catalina.core.ApplicationContext.log Manager: restart: Reloading web application '/'
23-Mar-2022 11:42:12.933 INFO [http-nio-8088-exec-92] org.apache.catalina.core.ApplicationContext.log Manager: list: Listing contexts for virtual host 'localhost'
23-Mar-2022 11:42:12.938 INFO [http-nio-8088-exec-93] org.apache.catalina.core.ApplicationContext.log Manager: restart: Reloading web application '/'
23-Mar-2022 11:43:38.248 INFO [http-nio-8088-exec-96] org.apache.catalina.core.ApplicationContext.log Manager: list: Listing contexts for virtual host 'localhost'
23-Mar-2022 11:44:01.504 INFO [http-nio-8088-exec-98] org.apache.catalina.core.ApplicationContext.log Manager: list: Listing contexts for virtual host 'localhost'
23-Mar-2022 11:54:17.239 INFO [http-nio-8088-exec-103] org.apache.catalina.core.ApplicationContext.log Manager: list: Listing contexts for virtual host 'localhost'
23-Mar-2022 11:54:17.245 INFO [http-nio-8088-exec-100] org.apache.catalina.core.ApplicationContext.log Manager: restart: Reloading web application '/'
23-Mar-2022 12:47:36.005 INFO [http-nio-8088-exec-111] org.apache.catalina.core.ApplicationContext.log Manager: list: Listing contexts for virtual host 'localhost'
23-Mar-2022 12:47:36.009 INFO [http-nio-8088-exec-112] org.apache.catalina.core.ApplicationContext.log Manager: restart: Reloading web application '/'
23-Mar-2022 12:57:05.492 INFO [http-nio-8088-exec-119] org.apache.catalina.core.ApplicationContext.log Manager: list: Listing contexts for virtual host 'localhost'
23-Mar-2022 12:57:05.496 INFO [http-nio-8088-exec-116] org.apache.catalina.core.ApplicationContext.log Manager: restart: Reloading web application '/'
23-Mar-2022 12:57:47.510 INFO [http-nio-8088-exec-117] org.apache.catalina.core.ApplicationContext.log Manager: list: Listing contexts for virtual host 'localhost'
23-Mar-2022 12:57:47.515 INFO [http-nio-8088-exec-120] org.apache.catalina.core.ApplicationContext.log Manager: restart: Reloading web application '/'
23-Mar-2022 13:01:04.160 INFO [http-nio-8088-exec-128] org.apache.catalina.core.ApplicationContext.log Manager: list: Listing contexts for virtual host 'localhost'
23-Mar-2022 13:01:04.164 INFO [http-nio-8088-exec-131] org.apache.catalina.core.ApplicationContext.log Manager: restart: Reloading web application '/'
23-Mar-2022 13:04:00.251 INFO [http-nio-8088-exec-140] org.apache.catalina.core.ApplicationContext.log Manager: list: Listing contexts for virtual host 'localhost'
23-Mar-2022 13:04:00.256 INFO [http-nio-8088-exec-143] org.apache.catalina.core.ApplicationContext.log Manager: restart: Reloading web application '/'
23-Mar-2022 13:17:28.862 INFO [http-nio-8088-exec-147] org.apache.catalina.core.ApplicationContext.log Manager: list: Listing contexts for virtual host 'localhost'
23-Mar-2022 13:17:28.867 INFO [http-nio-8088-exec-146] org.apache.catalina.core.ApplicationContext.log Manager: restart: Reloading web application '/'
23-Mar-2022 13:26:26.032 INFO [http-nio-8088-exec-155] org.apache.catalina.core.ApplicationContext.log Manager: list: Listing contexts for virtual host 'localhost'
23-Mar-2022 13:26:26.037 INFO [http-nio-8088-exec-159] org.apache.catalina.core.ApplicationContext.log Manager: restart: Reloading web application '/'
23-Mar-2022 13:27:06.419 INFO [http-nio-8088-exec-161] org.apache.catalina.core.ApplicationContext.log Manager: list: Listing contexts for virtual host 'localhost'
23-Mar-2022 13:27:33.941 INFO [http-nio-8088-exec-168] org.apache.catalina.core.ApplicationContext.log Manager: list: Listing contexts for virtual host 'localhost'
23-Mar-2022 13:28:50.729 INFO [http-nio-8088-exec-169] org.apache.catalina.core.ApplicationContext.log Manager: list: Listing contexts for virtual host 'localhost'
23-Mar-2022 13:28:50.736 INFO [http-nio-8088-exec-167] org.apache.catalina.core.ApplicationContext.log Manager: restart: Reloading web application '/'
23-Mar-2022 13:29:23.514 INFO [http-nio-8088-exec-168] org.apache.catalina.core.ApplicationContext.log Manager: list: Listing contexts for virtual host 'localhost'
23-Mar-2022 13:29:23.518 INFO [http-nio-8088-exec-164] org.apache.catalina.core.ApplicationContext.log Manager: restart: Reloading web application '/'
23-Mar-2022 13:33:56.524 INFO [http-nio-8088-exec-179] org.apache.catalina.core.ApplicationContext.log Manager: list: Listing contexts for virtual host 'localhost'
23-Mar-2022 13:33:56.529 INFO [http-nio-8088-exec-178] org.apache.catalina.core.ApplicationContext.log Manager: restart: Reloading web application '/'
23-Mar-2022 13:36:35.844 INFO [http-nio-8088-exec-186] org.apache.catalina.core.ApplicationContext.log Manager: list: Listing contexts for virtual host 'localhost'
23-Mar-2022 13:36:35.849 INFO [http-nio-8088-exec-188] org.apache.catalina.core.ApplicationContext.log Manager: restart: Reloading web application '/'
23-Mar-2022 13:38:43.193 INFO [http-nio-8088-exec-195] org.apache.catalina.core.ApplicationContext.log Manager: list: Listing contexts for virtual host 'localhost'
23-Mar-2022 13:38:43.198 INFO [http-nio-8088-exec-194] org.apache.catalina.core.ApplicationContext.log Manager: restart: Reloading web application '/'
23-Mar-2022 13:49:30.980 INFO [http-nio-8088-exec-208] org.apache.catalina.core.ApplicationContext.log Manager: list: Listing contexts for virtual host 'localhost'
23-Mar-2022 13:49:30.984 INFO [http-nio-8088-exec-209] org.apache.catalina.core.ApplicationContext.log Manager: restart: Reloading web application '/'
23-Mar-2022 13:50:21.749 INFO [http-nio-8088-exec-205] org.apache.catalina.core.ApplicationContext.log Manager: list: Listing contexts for virtual host 'localhost'
23-Mar-2022 13:50:31.561 INFO [http-nio-8088-exec-205] org.apache.catalina.core.ApplicationContext.log Manager: list: Listing contexts for virtual host 'localhost'
23-Mar-2022 13:53:03.173 INFO [http-nio-8088-exec-221] org.apache.catalina.core.ApplicationContext.log Manager: list: Listing contexts for virtual host 'localhost'
23-Mar-2022 13:53:03.177 INFO [http-nio-8088-exec-220] org.apache.catalina.core.ApplicationContext.log Manager: restart: Reloading web application '/'
23-Mar-2022 14:20:29.428 INFO [http-nio-8088-exec-229] org.apache.catalina.core.ApplicationContext.log Manager: list: Listing contexts for virtual host 'localhost'
23-Mar-2022 14:20:29.435 INFO [http-nio-8088-exec-228] org.apache.catalina.core.ApplicationContext.log Manager: stop: Stopping web application '/'
23-Mar-2022 14:20:29.790 INFO [http-nio-8088-exec-229] org.apache.catalina.core.ApplicationContext.log Manager: start: Starting web application '/'
23-Mar-2022 14:20:31.839 INFO [http-nio-8088-exec-231] org.apache.catalina.core.ApplicationContext.log Manager: list: Listing contexts for virtual host 'localhost'
23-Mar-2022 14:20:31.847 INFO [http-nio-8088-exec-225] org.apache.catalina.core.ApplicationContext.log Manager: restart: Reloading web application '/'
23-Mar-2022 14:22:31.820 INFO [http-nio-8088-exec-231] org.apache.catalina.core.ApplicationContext.log Manager: list: Listing contexts for virtual host 'localhost'
23-Mar-2022 14:26:48.748 INFO [http-nio-8088-exec-236] org.apache.catalina.core.ApplicationContext.log Manager: list: Listing contexts for virtual host 'localhost'
23-Mar-2022 14:26:48.753 INFO [http-nio-8088-exec-238] org.apache.catalina.core.ApplicationContext.log Manager: restart: Reloading web application '/'
23-Mar-2022 14:28:06.306 INFO [http-nio-8088-exec-235] org.apache.catalina.core.ApplicationContext.log Manager: list: Listing contexts for virtual host 'localhost'
23-Mar-2022 14:28:24.892 INFO [http-nio-8088-exec-239] org.apache.catalina.core.ApplicationContext.log Manager: list: Listing contexts for virtual host 'localhost'
23-Mar-2022 14:28:42.262 INFO [http-nio-8088-exec-249] org.apache.catalina.core.ApplicationContext.log Manager: list: Listing contexts for virtual host 'localhost'
23-Mar-2022 14:31:02.591 INFO [http-nio-8088-exec-245] org.apache.catalina.core.ApplicationContext.log Manager: list: Listing contexts for virtual host 'localhost'
23-Mar-2022 14:31:02.595 INFO [http-nio-8088-exec-249] org.apache.catalina.core.ApplicationContext.log Manager: restart: Reloading web application '/'
23-Mar-2022 14:32:33.984 INFO [http-nio-8088-exec-250] org.apache.catalina.core.ApplicationContext.log Manager: list: Listing contexts for virtual host 'localhost'
23-Mar-2022 14:32:33.988 INFO [http-nio-8088-exec-258] org.apache.catalina.core.ApplicationContext.log Manager: restart: Reloading web application '/'
23-Mar-2022 14:33:19.182 INFO [http-nio-8088-exec-253] org.apache.catalina.core.ApplicationContext.log Manager: list: Listing contexts for virtual host 'localhost'
23-Mar-2022 14:33:19.187 INFO [http-nio-8088-exec-250] org.apache.catalina.core.ApplicationContext.log Manager: restart: Reloading web application '/'
23-Mar-2022 14:34:07.440 INFO [http-nio-8088-exec-261] org.apache.catalina.core.ApplicationContext.log Manager: list: Listing contexts for virtual host 'localhost'
23-Mar-2022 14:34:07.445 INFO [http-nio-8088-exec-253] org.apache.catalina.core.ApplicationContext.log Manager: restart: Reloading web application '/'
23-Mar-2022 14:36:08.008 INFO [http-nio-8088-exec-273] org.apache.catalina.core.ApplicationContext.log Manager: list: Listing contexts for virtual host 'localhost'
23-Mar-2022 14:36:37.828 INFO [http-nio-8088-exec-272] org.apache.catalina.core.ApplicationContext.log Manager: list: Listing contexts for virtual host 'localhost'
23-Mar-2022 14:37:07.501 INFO [http-nio-8088-exec-273] org.apache.catalina.core.ApplicationContext.log Manager: list: Listing contexts for virtual host 'localhost'
23-Mar-2022 14:37:07.506 INFO [http-nio-8088-exec-270] org.apache.catalina.core.ApplicationContext.log Manager: restart: Reloading web application '/'
23-Mar-2022 15:02:19.202 INFO [http-nio-8088-exec-282] org.apache.catalina.core.ApplicationContext.log Manager: list: Listing contexts for virtual host 'localhost'
23-Mar-2022 15:02:19.206 INFO [http-nio-8088-exec-283] org.apache.catalina.core.ApplicationContext.log Manager: restart: Reloading web application '/'
23-Mar-2022 15:05:56.964 INFO [http-nio-8088-exec-294] org.apache.catalina.core.ApplicationContext.log Manager: list: Listing contexts for virtual host 'localhost'
23-Mar-2022 15:06:51.300 INFO [http-nio-8088-exec-290] org.apache.catalina.core.ApplicationContext.log Manager: list: Listing contexts for virtual host 'localhost'
23-Mar-2022 15:09:40.797 INFO [http-nio-8088-exec-297] org.apache.catalina.core.ApplicationContext.log Manager: list: Listing contexts for virtual host 'localhost'
23-Mar-2022 15:16:52.894 INFO [http-nio-8088-exec-294] org.apache.catalina.core.ApplicationContext.log Manager: list: Listing contexts for virtual host 'localhost'
23-Mar-2022 15:16:52.898 INFO [http-nio-8088-exec-291] org.apache.catalina.core.ApplicationContext.log Manager: restart: Reloading web application '/'
23-Mar-2022 16:52:26.669 INFO [http-nio-8088-exec-3] org.apache.catalina.core.ApplicationContext.log Manager: init: Associated with Deployer 'Catalina:type=Deployer,host=localhost'
23-Mar-2022 16:52:26.669 INFO [http-nio-8088-exec-3] org.apache.catalina.core.ApplicationContext.log Manager: init: Global resources are available
23-Mar-2022 16:52:27.056 INFO [http-nio-8088-exec-4] org.apache.catalina.core.ApplicationContext.log Manager: list: Listing contexts for virtual host 'localhost'
23-Mar-2022 16:52:27.059 INFO [http-nio-8088-exec-5] org.apache.catalina.core.ApplicationContext.log Manager: list: Listing contexts for virtual host 'localhost'
23-Mar-2022 16:52:27.103 INFO [http-nio-8088-exec-6] org.apache.catalina.core.ApplicationContext.log Manager: stop: Stopping web application '/'
23-Mar-2022 16:52:27.114 INFO [http-nio-8088-exec-10] org.apache.catalina.core.ApplicationContext.log Manager: start: Starting web application '/'
23-Mar-2022 16:53:00.872 INFO [http-nio-8088-exec-19] org.apache.catalina.core.ApplicationContext.log Manager: list: Listing contexts for virtual host 'localhost'
23-Mar-2022 16:53:12.228 INFO [http-nio-8088-exec-17] org.apache.catalina.core.ApplicationContext.log Manager: list: Listing contexts for virtual host 'localhost'
23-Mar-2022 16:53:25.459 INFO [http-nio-8088-exec-12] org.apache.catalina.core.ApplicationContext.log Manager: list: Listing contexts for virtual host 'localhost'
23-Mar-2022 16:53:38.983 INFO [http-nio-8088-exec-20] org.apache.catalina.core.ApplicationContext.log Manager: list: Listing contexts for virtual host 'localhost'
23-Mar-2022 16:53:48.896 INFO [http-nio-8088-exec-13] org.apache.catalina.core.ApplicationContext.log Manager: list: Listing contexts for virtual host 'localhost'
23-Mar-2022 16:54:00.451 INFO [http-nio-8088-exec-14] org.apache.catalina.core.ApplicationContext.log Manager: list: Listing contexts for virtual host 'localhost'
23-Mar-2022 16:54:13.942 INFO [http-nio-8088-exec-19] org.apache.catalina.core.ApplicationContext.log Manager: list: Listing contexts for virtual host 'localhost'
23-Mar-2022 16:57:04.544 INFO [http-nio-8088-exec-14] org.apache.catalina.core.ApplicationContext.log Manager: list: Listing contexts for virtual host 'localhost'
23-Mar-2022 16:57:11.804 INFO [http-nio-8088-exec-12] org.apache.catalina.core.ApplicationContext.log Manager: list: Listing contexts for virtual host 'localhost'
23-Mar-2022 16:57:19.018 INFO [http-nio-8088-exec-11] org.apache.catalina.core.ApplicationContext.log Manager: list: Listing contexts for virtual host 'localhost'
23-Mar-2022 16:58:01.406 INFO [http-nio-8088-exec-11] org.apache.catalina.core.ApplicationContext.log Manager: list: Listing contexts for virtual host 'localhost'
23-Mar-2022 16:58:39.402 INFO [http-nio-8088-exec-20] org.apache.catalina.core.ApplicationContext.log Manager: list: Listing contexts for virtual host 'localhost'
23-Mar-2022 16:58:49.132 INFO [http-nio-8088-exec-20] org.apache.catalina.core.ApplicationContext.log Manager: list: Listing contexts for virtual host 'localhost'
23-Mar-2022 16:58:53.913 INFO [http-nio-8088-exec-14] org.apache.catalina.core.ApplicationContext.log Manager: list: Listing contexts for virtual host 'localhost'
23-Mar-2022 17:07:35.922 INFO [http-nio-8088-exec-4] org.apache.catalina.core.ApplicationContext.log Manager: init: Associated with Deployer 'Catalina:type=Deployer,host=localhost'
23-Mar-2022 17:07:35.922 INFO [http-nio-8088-exec-4] org.apache.catalina.core.ApplicationContext.log Manager: init: Global resources are available
23-Mar-2022 17:07:36.256 INFO [http-nio-8088-exec-5] org.apache.catalina.core.ApplicationContext.log Manager: list: Listing contexts for virtual host 'localhost'
23-Mar-2022 17:07:36.259 INFO [http-nio-8088-exec-6] org.apache.catalina.core.ApplicationContext.log Manager: list: Listing contexts for virtual host 'localhost'
