25-Mar-2022 00:48:04.346 INFO [http-nio-8088-exec-3] org.apache.catalina.core.ApplicationContext.log Manager: init: Associated with Deployer 'Catalina:type=Deployer,host=localhost'
25-Mar-2022 00:48:04.347 INFO [http-nio-8088-exec-3] org.apache.catalina.core.ApplicationContext.log Manager: init: Global resources are available
25-Mar-2022 00:48:04.678 INFO [http-nio-8088-exec-5] org.apache.catalina.core.ApplicationContext.log Manager: list: Listing contexts for virtual host 'localhost'
25-Mar-2022 00:48:04.680 INFO [http-nio-8088-exec-6] org.apache.catalina.core.ApplicationContext.log Manager: list: Listing contexts for virtual host 'localhost'
25-Mar-2022 00:48:04.710 INFO [http-nio-8088-exec-7] org.apache.catalina.core.ApplicationContext.log Manager: restart: Reloading web application '/'
25-Mar-2022 08:00:38.624 INFO [http-nio-8088-exec-13] org.apache.catalina.core.ApplicationContext.log Manager: list: Listing contexts for virtual host 'localhost'
25-Mar-2022 08:00:39.522 INFO [http-nio-8088-exec-11] org.apache.catalina.core.ApplicationContext.log Manager: list: Listing contexts for virtual host 'localhost'
25-Mar-2022 08:00:39.534 INFO [http-nio-8088-exec-16] org.apache.catalina.core.ApplicationContext.log Manager: restart: Reloading web application '/'
25-Mar-2022 08:27:20.553 INFO [http-nio-8088-exec-21] org.apache.catalina.core.ApplicationContext.log Manager: list: Listing contexts for virtual host 'localhost'
25-Mar-2022 08:27:20.557 INFO [http-nio-8088-exec-23] org.apache.catalina.core.ApplicationContext.log Manager: restart: Reloading web application '/'
25-Mar-2022 08:36:41.414 INFO [http-nio-8088-exec-34] org.apache.catalina.core.ApplicationContext.log Manager: list: Listing contexts for virtual host 'localhost'
25-Mar-2022 08:36:59.677 INFO [http-nio-8088-exec-31] org.apache.catalina.core.ApplicationContext.log Manager: list: Listing contexts for virtual host 'localhost'
25-Mar-2022 08:38:05.928 INFO [http-nio-8088-exec-38] org.apache.catalina.core.ApplicationContext.log Manager: list: Listing contexts for virtual host 'localhost'
25-Mar-2022 09:11:41.172 INFO [http-nio-8088-exec-36] org.apache.catalina.core.ApplicationContext.log Manager: list: Listing contexts for virtual host 'localhost'
25-Mar-2022 09:16:50.505 INFO [http-nio-8088-exec-35] org.apache.catalina.core.ApplicationContext.log Manager: list: Listing contexts for virtual host 'localhost'
25-Mar-2022 09:16:50.510 INFO [http-nio-8088-exec-38] org.apache.catalina.core.ApplicationContext.log Manager: restart: Reloading web application '/'
25-Mar-2022 09:18:48.802 INFO [http-nio-8088-exec-44] org.apache.catalina.core.ApplicationContext.log Manager: list: Listing contexts for virtual host 'localhost'
25-Mar-2022 09:18:48.807 INFO [http-nio-8088-exec-35] org.apache.catalina.core.ApplicationContext.log Manager: restart: Reloading web application '/'
25-Mar-2022 09:19:56.672 INFO [http-nio-8088-exec-52] org.apache.catalina.core.ApplicationContext.log Manager: list: Listing contexts for virtual host 'localhost'
25-Mar-2022 09:19:56.678 INFO [http-nio-8088-exec-48] org.apache.catalina.core.ApplicationContext.log Manager: restart: Reloading web application '/'
25-Mar-2022 09:22:32.658 INFO [http-nio-8088-exec-57] org.apache.catalina.core.ApplicationContext.log Manager: list: Listing contexts for virtual host 'localhost'
25-Mar-2022 09:22:32.663 INFO [http-nio-8088-exec-56] org.apache.catalina.core.ApplicationContext.log Manager: restart: Reloading web application '/'
25-Mar-2022 09:24:40.551 INFO [http-nio-8088-exec-63] org.apache.catalina.core.ApplicationContext.log Manager: list: Listing contexts for virtual host 'localhost'
25-Mar-2022 09:24:40.556 INFO [http-nio-8088-exec-64] org.apache.catalina.core.ApplicationContext.log Manager: restart: Reloading web application '/'
25-Mar-2022 09:46:09.969 INFO [http-nio-8088-exec-71] org.apache.catalina.core.ApplicationContext.log Manager: list: Listing contexts for virtual host 'localhost'
25-Mar-2022 09:46:09.979 INFO [http-nio-8088-exec-70] org.apache.catalina.core.ApplicationContext.log Manager: restart: Reloading web application '/'
25-Mar-2022 09:46:11.984 INFO [http-nio-8088-exec-72] org.apache.catalina.core.ApplicationContext.log Manager: list: Listing contexts for virtual host 'localhost'
25-Mar-2022 09:46:11.989 INFO [http-nio-8088-exec-76] org.apache.catalina.core.ApplicationContext.log Manager: restart: Reloading web application '/'
25-Mar-2022 10:00:52.045 INFO [http-nio-8088-exec-79] org.apache.catalina.core.ApplicationContext.log Manager: list: Listing contexts for virtual host 'localhost'
25-Mar-2022 10:00:52.050 INFO [http-nio-8088-exec-80] org.apache.catalina.core.ApplicationContext.log Manager: restart: Reloading web application '/'
25-Mar-2022 10:08:42.481 INFO [http-nio-8088-exec-91] org.apache.catalina.core.ApplicationContext.log Manager: list: Listing contexts for virtual host 'localhost'
25-Mar-2022 10:08:42.486 INFO [http-nio-8088-exec-92] org.apache.catalina.core.ApplicationContext.log Manager: restart: Reloading web application '/'
25-Mar-2022 10:09:40.577 INFO [http-nio-8088-exec-94] org.apache.catalina.core.ApplicationContext.log Manager: list: Listing contexts for virtual host 'localhost'
25-Mar-2022 10:09:40.583 INFO [http-nio-8088-exec-97] org.apache.catalina.core.ApplicationContext.log Manager: restart: Reloading web application '/'
25-Mar-2022 10:24:55.757 INFO [http-nio-8088-exec-104] org.apache.catalina.core.ApplicationContext.log Manager: list: Listing contexts for virtual host 'localhost'
25-Mar-2022 10:24:55.761 INFO [http-nio-8088-exec-103] org.apache.catalina.core.ApplicationContext.log Manager: restart: Reloading web application '/'
25-Mar-2022 10:42:20.775 INFO [http-nio-8088-exec-113] org.apache.catalina.core.ApplicationContext.log Manager: list: Listing contexts for virtual host 'localhost'
25-Mar-2022 10:42:20.779 INFO [http-nio-8088-exec-114] org.apache.catalina.core.ApplicationContext.log Manager: restart: Reloading web application '/'
25-Mar-2022 10:42:49.201 INFO [http-nio-8088-exec-115] org.apache.catalina.core.ApplicationContext.log Manager: list: Listing contexts for virtual host 'localhost'
25-Mar-2022 10:42:49.206 INFO [http-nio-8088-exec-120] org.apache.catalina.core.ApplicationContext.log Manager: restart: Reloading web application '/'
25-Mar-2022 11:25:57.645 INFO [http-nio-8088-exec-126] org.apache.catalina.core.ApplicationContext.log Manager: list: Listing contexts for virtual host 'localhost'
25-Mar-2022 11:25:57.650 INFO [http-nio-8088-exec-125] org.apache.catalina.core.ApplicationContext.log Manager: restart: Reloading web application '/'
25-Mar-2022 11:26:00.578 INFO [http-nio-8088-exec-129] org.apache.catalina.core.ApplicationContext.log Manager: list: Listing contexts for virtual host 'localhost'
25-Mar-2022 11:26:00.582 INFO [http-nio-8088-exec-127] org.apache.catalina.core.ApplicationContext.log Manager: restart: Reloading web application '/'
25-Mar-2022 13:05:26.258 INFO [http-nio-8088-exec-137] org.apache.catalina.core.ApplicationContext.log Manager: list: Listing contexts for virtual host 'localhost'
25-Mar-2022 13:05:26.263 INFO [http-nio-8088-exec-138] org.apache.catalina.core.ApplicationContext.log Manager: restart: Reloading web application '/'
25-Mar-2022 13:05:42.270 INFO [http-nio-8088-exec-136] org.apache.catalina.core.ApplicationContext.log Manager: list: Listing contexts for virtual host 'localhost'
25-Mar-2022 13:05:42.274 INFO [http-nio-8088-exec-139] org.apache.catalina.core.ApplicationContext.log Manager: restart: Reloading web application '/'
25-Mar-2022 14:15:59.453 INFO [http-nio-8088-exec-149] org.apache.catalina.core.ApplicationContext.log Manager: list: Listing contexts for virtual host 'localhost'
25-Mar-2022 14:15:59.460 INFO [http-nio-8088-exec-146] org.apache.catalina.core.ApplicationContext.log Manager: restart: Reloading web application '/'
25-Mar-2022 14:21:44.282 INFO [http-nio-8088-exec-157] org.apache.catalina.core.ApplicationContext.log Manager: list: Listing contexts for virtual host 'localhost'
25-Mar-2022 14:21:44.287 INFO [http-nio-8088-exec-159] org.apache.catalina.core.ApplicationContext.log Manager: restart: Reloading web application '/'
25-Mar-2022 14:22:17.000 INFO [http-nio-8088-exec-164] org.apache.catalina.core.ApplicationContext.log Manager: list: Listing contexts for virtual host 'localhost'
25-Mar-2022 14:22:17.004 INFO [http-nio-8088-exec-170] org.apache.catalina.core.ApplicationContext.log Manager: restart: Reloading web application '/'
25-Mar-2022 14:24:56.561 INFO [http-nio-8088-exec-174] org.apache.catalina.core.ApplicationContext.log Manager: list: Listing contexts for virtual host 'localhost'
25-Mar-2022 14:24:56.565 INFO [http-nio-8088-exec-173] org.apache.catalina.core.ApplicationContext.log Manager: restart: Reloading web application '/'
25-Mar-2022 14:25:00.363 INFO [http-nio-8088-exec-166] org.apache.catalina.core.ApplicationContext.log Manager: list: Listing contexts for virtual host 'localhost'
25-Mar-2022 14:25:00.368 INFO [http-nio-8088-exec-177] org.apache.catalina.core.ApplicationContext.log Manager: restart: Reloading web application '/'
25-Mar-2022 14:27:22.164 INFO [http-nio-8088-exec-182] org.apache.catalina.core.ApplicationContext.log Manager: list: Listing contexts for virtual host 'localhost'
25-Mar-2022 14:27:56.126 INFO [http-nio-8088-exec-186] org.apache.catalina.core.ApplicationContext.log Manager: list: Listing contexts for virtual host 'localhost'
25-Mar-2022 14:27:56.130 INFO [http-nio-8088-exec-166] org.apache.catalina.core.ApplicationContext.log Manager: restart: Reloading web application '/'
25-Mar-2022 14:28:37.530 INFO [http-nio-8088-exec-184] org.apache.catalina.core.ApplicationContext.log Manager: list: Listing contexts for virtual host 'localhost'
25-Mar-2022 14:28:37.536 INFO [http-nio-8088-exec-180] org.apache.catalina.core.ApplicationContext.log Manager: restart: Reloading web application '/'
25-Mar-2022 14:36:44.377 INFO [http-nio-8088-exec-200] org.apache.catalina.core.ApplicationContext.log Manager: list: Listing contexts for virtual host 'localhost'
25-Mar-2022 14:36:44.382 INFO [http-nio-8088-exec-199] org.apache.catalina.core.ApplicationContext.log Manager: stop: Stopping web application '/'
25-Mar-2022 14:36:44.399 INFO [http-nio-8088-exec-195] org.apache.catalina.core.ApplicationContext.log Manager: start: Starting web application '/'
25-Mar-2022 14:36:46.857 INFO [http-nio-8088-exec-201] org.apache.catalina.core.ApplicationContext.log Manager: list: Listing contexts for virtual host 'localhost'
25-Mar-2022 14:36:46.869 INFO [http-nio-8088-exec-192] org.apache.catalina.core.ApplicationContext.log Manager: restart: Reloading web application '/'
25-Mar-2022 14:36:49.058 INFO [http-nio-8088-exec-193] org.apache.catalina.core.ApplicationContext.log Manager: list: Listing contexts for virtual host 'localhost'
25-Mar-2022 14:36:49.064 INFO [http-nio-8088-exec-201] org.apache.catalina.core.ApplicationContext.log Manager: restart: Reloading web application '/'
25-Mar-2022 14:37:17.732 INFO [http-nio-8088-exec-197] org.apache.catalina.core.ApplicationContext.log Manager: list: Listing contexts for virtual host 'localhost'
25-Mar-2022 14:37:17.738 INFO [http-nio-8088-exec-196] org.apache.catalina.core.ApplicationContext.log Manager: stop: Stopping web application '/'
25-Mar-2022 14:37:17.771 INFO [http-nio-8088-exec-203] org.apache.catalina.core.ApplicationContext.log Manager: start: Starting web application '/'
25-Mar-2022 14:37:20.004 INFO [http-nio-8088-exec-200] org.apache.catalina.core.ApplicationContext.log Manager: list: Listing contexts for virtual host 'localhost'
25-Mar-2022 14:37:20.008 INFO [http-nio-8088-exec-202] org.apache.catalina.core.ApplicationContext.log Manager: restart: Reloading web application '/'
25-Mar-2022 14:39:33.288 INFO [http-nio-8088-exec-208] org.apache.catalina.core.ApplicationContext.log Manager: list: Listing contexts for virtual host 'localhost'
25-Mar-2022 14:39:33.294 INFO [http-nio-8088-exec-211] org.apache.catalina.core.ApplicationContext.log Manager: restart: Reloading web application '/'
25-Mar-2022 14:49:36.827 INFO [http-nio-8088-exec-212] org.apache.catalina.core.ApplicationContext.log Manager: list: Listing contexts for virtual host 'localhost'
25-Mar-2022 14:49:36.831 INFO [http-nio-8088-exec-214] org.apache.catalina.core.ApplicationContext.log Manager: restart: Reloading web application '/'
25-Mar-2022 14:51:05.261 INFO [http-nio-8088-exec-224] org.apache.catalina.core.ApplicationContext.log Manager: list: Listing contexts for virtual host 'localhost'
25-Mar-2022 14:51:05.266 INFO [http-nio-8088-exec-225] org.apache.catalina.core.ApplicationContext.log Manager: restart: Reloading web application '/'
25-Mar-2022 14:51:12.659 INFO [http-nio-8088-exec-218] org.apache.catalina.core.ApplicationContext.log Manager: list: Listing contexts for virtual host 'localhost'
25-Mar-2022 14:51:12.665 INFO [http-nio-8088-exec-213] org.apache.catalina.core.ApplicationContext.log Manager: restart: Reloading web application '/'
25-Mar-2022 14:52:42.163 INFO [http-nio-8088-exec-224] org.apache.catalina.core.ApplicationContext.log Manager: list: Listing contexts for virtual host 'localhost'
25-Mar-2022 14:52:42.169 INFO [http-nio-8088-exec-218] org.apache.catalina.core.ApplicationContext.log Manager: restart: Reloading web application '/'
25-Mar-2022 14:56:55.042 INFO [http-nio-8088-exec-235] org.apache.catalina.core.ApplicationContext.log Manager: list: Listing contexts for virtual host 'localhost'
25-Mar-2022 14:57:09.098 INFO [http-nio-8088-exec-241] org.apache.catalina.core.ApplicationContext.log Manager: list: Listing contexts for virtual host 'localhost'
25-Mar-2022 14:57:43.142 INFO [http-nio-8088-exec-239] org.apache.catalina.core.ApplicationContext.log Manager: list: Listing contexts for virtual host 'localhost'
25-Mar-2022 15:00:53.495 INFO [http-nio-8088-exec-237] org.apache.catalina.core.ApplicationContext.log Manager: list: Listing contexts for virtual host 'localhost'
25-Mar-2022 15:04:14.103 INFO [http-nio-8088-exec-241] org.apache.catalina.core.ApplicationContext.log Manager: list: Listing contexts for virtual host 'localhost'
25-Mar-2022 15:05:51.905 INFO [http-nio-8088-exec-237] org.apache.catalina.core.ApplicationContext.log Manager: list: Listing contexts for virtual host 'localhost'
25-Mar-2022 15:06:53.864 INFO [http-nio-8088-exec-233] org.apache.catalina.core.ApplicationContext.log Manager: list: Listing contexts for virtual host 'localhost'
25-Mar-2022 15:07:04.470 INFO [http-nio-8088-exec-240] org.apache.catalina.core.ApplicationContext.log Manager: list: Listing contexts for virtual host 'localhost'
25-Mar-2022 15:09:33.276 INFO [http-nio-8088-exec-241] org.apache.catalina.core.ApplicationContext.log Manager: list: Listing contexts for virtual host 'localhost'
25-Mar-2022 15:10:07.165 INFO [http-nio-8088-exec-242] org.apache.catalina.core.ApplicationContext.log Manager: list: Listing contexts for virtual host 'localhost'
25-Mar-2022 15:11:38.421 INFO [http-nio-8088-exec-238] org.apache.catalina.core.ApplicationContext.log Manager: list: Listing contexts for virtual host 'localhost'
25-Mar-2022 15:11:38.434 INFO [http-nio-8088-exec-233] org.apache.catalina.core.ApplicationContext.log Manager: restart: Reloading web application '/'
25-Mar-2022 15:17:18.662 INFO [http-nio-8088-exec-246] org.apache.catalina.core.ApplicationContext.log Manager: list: Listing contexts for virtual host 'localhost'
25-Mar-2022 15:17:18.667 INFO [http-nio-8088-exec-245] org.apache.catalina.core.ApplicationContext.log Manager: restart: Reloading web application '/'
25-Mar-2022 15:18:58.304 INFO [http-nio-8088-exec-255] org.apache.catalina.core.ApplicationContext.log Manager: list: Listing contexts for virtual host 'localhost'
25-Mar-2022 15:18:58.308 INFO [http-nio-8088-exec-262] org.apache.catalina.core.ApplicationContext.log Manager: restart: Reloading web application '/'
25-Mar-2022 15:19:25.459 INFO [http-nio-8088-exec-257] org.apache.catalina.core.ApplicationContext.log Manager: list: Listing contexts for virtual host 'localhost'
25-Mar-2022 15:19:25.466 INFO [http-nio-8088-exec-261] org.apache.catalina.core.ApplicationContext.log Manager: restart: Reloading web application '/'
25-Mar-2022 15:20:23.073 INFO [http-nio-8088-exec-258] org.apache.catalina.core.ApplicationContext.log Manager: list: Listing contexts for virtual host 'localhost'
25-Mar-2022 15:20:23.079 INFO [http-nio-8088-exec-267] org.apache.catalina.core.ApplicationContext.log Manager: restart: Reloading web application '/'
25-Mar-2022 15:21:15.604 INFO [http-nio-8088-exec-271] org.apache.catalina.core.ApplicationContext.log Manager: list: Listing contexts for virtual host 'localhost'
25-Mar-2022 15:21:15.608 INFO [http-nio-8088-exec-253] org.apache.catalina.core.ApplicationContext.log Manager: restart: Reloading web application '/'
25-Mar-2022 15:21:33.378 INFO [http-nio-8088-exec-272] org.apache.catalina.core.ApplicationContext.log Manager: list: Listing contexts for virtual host 'localhost'
25-Mar-2022 15:21:33.383 INFO [http-nio-8088-exec-257] org.apache.catalina.core.ApplicationContext.log Manager: restart: Reloading web application '/'
25-Mar-2022 15:22:24.291 INFO [http-nio-8088-exec-272] org.apache.catalina.core.ApplicationContext.log Manager: list: Listing contexts for virtual host 'localhost'
25-Mar-2022 15:23:16.729 INFO [http-nio-8088-exec-274] org.apache.catalina.core.ApplicationContext.log Manager: list: Listing contexts for virtual host 'localhost'
25-Mar-2022 15:24:44.122 INFO [http-nio-8088-exec-280] org.apache.catalina.core.ApplicationContext.log Manager: list: Listing contexts for virtual host 'localhost'
25-Mar-2022 15:24:58.113 INFO [http-nio-8088-exec-280] org.apache.catalina.core.ApplicationContext.log Manager: list: Listing contexts for virtual host 'localhost'
25-Mar-2022 15:35:14.541 INFO [http-nio-8088-exec-283] org.apache.catalina.core.ApplicationContext.log Manager: list: Listing contexts for virtual host 'localhost'
25-Mar-2022 15:37:25.730 INFO [http-nio-8088-exec-282] org.apache.catalina.core.ApplicationContext.log Manager: list: Listing contexts for virtual host 'localhost'
25-Mar-2022 15:37:25.735 INFO [http-nio-8088-exec-279] org.apache.catalina.core.ApplicationContext.log Manager: stop: Stopping web application '/'
25-Mar-2022 15:37:25.772 INFO [http-nio-8088-exec-285] org.apache.catalina.core.ApplicationContext.log Manager: start: Starting web application '/'
25-Mar-2022 15:37:28.192 INFO [http-nio-8088-exec-280] org.apache.catalina.core.ApplicationContext.log Manager: list: Listing contexts for virtual host 'localhost'
25-Mar-2022 15:37:28.197 INFO [http-nio-8088-exec-284] org.apache.catalina.core.ApplicationContext.log Manager: restart: Reloading web application '/'
25-Mar-2022 15:38:59.236 INFO [http-nio-8088-exec-283] org.apache.catalina.core.ApplicationContext.log Manager: list: Listing contexts for virtual host 'localhost'
25-Mar-2022 15:38:59.242 INFO [http-nio-8088-exec-286] org.apache.catalina.core.ApplicationContext.log Manager: restart: Reloading web application '/'
25-Mar-2022 15:39:32.944 INFO [http-nio-8088-exec-287] org.apache.catalina.core.ApplicationContext.log Manager: list: Listing contexts for virtual host 'localhost'
25-Mar-2022 15:39:32.948 INFO [http-nio-8088-exec-278] org.apache.catalina.core.ApplicationContext.log Manager: restart: Reloading web application '/'
25-Mar-2022 15:40:40.163 INFO [http-nio-8088-exec-297] org.apache.catalina.core.ApplicationContext.log Manager: list: Listing contexts for virtual host 'localhost'
25-Mar-2022 15:40:40.170 INFO [http-nio-8088-exec-289] org.apache.catalina.core.ApplicationContext.log Manager: restart: Reloading web application '/'
25-Mar-2022 15:45:18.740 INFO [http-nio-8088-exec-301] org.apache.catalina.core.ApplicationContext.log Manager: list: Listing contexts for virtual host 'localhost'
25-Mar-2022 15:45:35.889 INFO [http-nio-8088-exec-298] org.apache.catalina.core.ApplicationContext.log Manager: list: Listing contexts for virtual host 'localhost'
25-Mar-2022 15:45:59.179 INFO [http-nio-8088-exec-300] org.apache.catalina.core.ApplicationContext.log Manager: list: Listing contexts for virtual host 'localhost'
25-Mar-2022 15:48:42.277 INFO [http-nio-8088-exec-306] org.apache.catalina.core.ApplicationContext.log Manager: list: Listing contexts for virtual host 'localhost'
25-Mar-2022 15:48:47.894 INFO [http-nio-8088-exec-298] org.apache.catalina.core.ApplicationContext.log Manager: list: Listing contexts for virtual host 'localhost'
25-Mar-2022 16:01:01.077 INFO [http-nio-8088-exec-300] org.apache.catalina.core.ApplicationContext.log Manager: list: Listing contexts for virtual host 'localhost'
25-Mar-2022 16:02:13.781 INFO [http-nio-8088-exec-298] org.apache.catalina.core.ApplicationContext.log Manager: list: Listing contexts for virtual host 'localhost'
25-Mar-2022 16:02:39.502 INFO [http-nio-8088-exec-304] org.apache.catalina.core.ApplicationContext.log Manager: list: Listing contexts for virtual host 'localhost'
25-Mar-2022 16:03:12.809 INFO [http-nio-8088-exec-301] org.apache.catalina.core.ApplicationContext.log Manager: list: Listing contexts for virtual host 'localhost'
25-Mar-2022 16:03:33.009 INFO [http-nio-8088-exec-305] org.apache.catalina.core.ApplicationContext.log Manager: list: Listing contexts for virtual host 'localhost'
25-Mar-2022 16:03:46.854 INFO [http-nio-8088-exec-303] org.apache.catalina.core.ApplicationContext.log Manager: list: Listing contexts for virtual host 'localhost'
25-Mar-2022 16:04:03.461 INFO [http-nio-8088-exec-304] org.apache.catalina.core.ApplicationContext.log Manager: list: Listing contexts for virtual host 'localhost'
25-Mar-2022 16:06:48.998 INFO [http-nio-8088-exec-298] org.apache.catalina.core.ApplicationContext.log Manager: list: Listing contexts for virtual host 'localhost'
25-Mar-2022 16:07:46.638 INFO [http-nio-8088-exec-302] org.apache.catalina.core.ApplicationContext.log Manager: list: Listing contexts for virtual host 'localhost'
25-Mar-2022 16:07:54.988 INFO [http-nio-8088-exec-303] org.apache.catalina.core.ApplicationContext.log Manager: list: Listing contexts for virtual host 'localhost'
25-Mar-2022 16:08:15.480 INFO [http-nio-8088-exec-304] org.apache.catalina.core.ApplicationContext.log Manager: list: Listing contexts for virtual host 'localhost'
25-Mar-2022 16:08:46.331 INFO [http-nio-8088-exec-304] org.apache.catalina.core.ApplicationContext.log Manager: list: Listing contexts for virtual host 'localhost'
25-Mar-2022 16:09:14.472 INFO [http-nio-8088-exec-300] org.apache.catalina.core.ApplicationContext.log Manager: list: Listing contexts for virtual host 'localhost'
25-Mar-2022 16:10:28.555 INFO [http-nio-8088-exec-299] org.apache.catalina.core.ApplicationContext.log Manager: list: Listing contexts for virtual host 'localhost'
25-Mar-2022 16:10:51.744 INFO [http-nio-8088-exec-303] org.apache.catalina.core.ApplicationContext.log Manager: list: Listing contexts for virtual host 'localhost'
25-Mar-2022 16:13:40.411 INFO [http-nio-8088-exec-303] org.apache.catalina.core.ApplicationContext.log Manager: list: Listing contexts for virtual host 'localhost'
25-Mar-2022 16:15:23.075 INFO [http-nio-8088-exec-299] org.apache.catalina.core.ApplicationContext.log Manager: list: Listing contexts for virtual host 'localhost'
25-Mar-2022 16:15:33.827 INFO [http-nio-8088-exec-298] org.apache.catalina.core.ApplicationContext.log Manager: list: Listing contexts for virtual host 'localhost'
25-Mar-2022 16:15:51.467 INFO [http-nio-8088-exec-299] org.apache.catalina.core.ApplicationContext.log Manager: list: Listing contexts for virtual host 'localhost'
25-Mar-2022 16:15:58.374 INFO [http-nio-8088-exec-307] org.apache.catalina.core.ApplicationContext.log Manager: list: Listing contexts for virtual host 'localhost'
25-Mar-2022 16:16:28.756 INFO [http-nio-8088-exec-302] org.apache.catalina.core.ApplicationContext.log Manager: list: Listing contexts for virtual host 'localhost'
25-Mar-2022 16:19:14.734 INFO [http-nio-8088-exec-301] org.apache.catalina.core.ApplicationContext.log Manager: list: Listing contexts for virtual host 'localhost'
25-Mar-2022 16:37:43.138 INFO [http-nio-8088-exec-300] org.apache.catalina.core.ApplicationContext.log Manager: list: Listing contexts for virtual host 'localhost'
25-Mar-2022 16:38:37.780 INFO [http-nio-8088-exec-307] org.apache.catalina.core.ApplicationContext.log Manager: list: Listing contexts for virtual host 'localhost'
25-Mar-2022 16:38:37.785 INFO [http-nio-8088-exec-303] org.apache.catalina.core.ApplicationContext.log Manager: restart: Reloading web application '/'
25-Mar-2022 16:38:44.076 INFO [http-nio-8088-exec-300] org.apache.catalina.core.ApplicationContext.log Manager: list: Listing contexts for virtual host 'localhost'
25-Mar-2022 16:38:44.083 INFO [http-nio-8088-exec-307] org.apache.catalina.core.ApplicationContext.log Manager: restart: Reloading web application '/'
25-Mar-2022 16:38:51.628 INFO [http-nio-8088-exec-298] org.apache.catalina.core.ApplicationContext.log Manager: list: Listing contexts for virtual host 'localhost'
25-Mar-2022 16:38:51.632 INFO [http-nio-8088-exec-302] org.apache.catalina.core.ApplicationContext.log Manager: restart: Reloading web application '/'
25-Mar-2022 16:39:52.803 INFO [http-nio-8088-exec-310] org.apache.catalina.core.ApplicationContext.log Manager: list: Listing contexts for virtual host 'localhost'
25-Mar-2022 16:39:52.808 INFO [http-nio-8088-exec-311] org.apache.catalina.core.ApplicationContext.log Manager: restart: Reloading web application '/'
25-Mar-2022 16:43:43.166 INFO [http-nio-8088-exec-320] org.apache.catalina.core.ApplicationContext.log Manager: list: Listing contexts for virtual host 'localhost'
25-Mar-2022 16:44:43.893 INFO [http-nio-8088-exec-325] org.apache.catalina.core.ApplicationContext.log Manager: list: Listing contexts for virtual host 'localhost'
25-Mar-2022 16:45:45.175 INFO [http-nio-8088-exec-325] org.apache.catalina.core.ApplicationContext.log Manager: list: Listing contexts for virtual host 'localhost'
25-Mar-2022 16:47:19.991 INFO [http-nio-8088-exec-326] org.apache.catalina.core.ApplicationContext.log Manager: list: Listing contexts for virtual host 'localhost'
25-Mar-2022 16:58:22.103 INFO [http-nio-8088-exec-318] org.apache.catalina.core.ApplicationContext.log Manager: list: Listing contexts for virtual host 'localhost'
25-Mar-2022 17:00:14.623 INFO [http-nio-8088-exec-326] org.apache.catalina.core.ApplicationContext.log Manager: list: Listing contexts for virtual host 'localhost'
25-Mar-2022 17:00:14.629 INFO [http-nio-8088-exec-324] org.apache.catalina.core.ApplicationContext.log Manager: restart: Reloading web application '/'
25-Mar-2022 17:04:22.623 INFO [http-nio-8088-exec-329] org.apache.catalina.core.ApplicationContext.log Manager: list: Listing contexts for virtual host 'localhost'
25-Mar-2022 17:04:22.627 INFO [http-nio-8088-exec-330] org.apache.catalina.core.ApplicationContext.log Manager: restart: Reloading web application '/'
25-Mar-2022 17:14:02.337 INFO [http-nio-8088-exec-337] org.apache.catalina.core.ApplicationContext.log Manager: list: Listing contexts for virtual host 'localhost'
25-Mar-2022 17:14:02.343 INFO [http-nio-8088-exec-341] org.apache.catalina.core.ApplicationContext.log Manager: restart: Reloading web application '/'
25-Mar-2022 17:14:04.844 INFO [http-nio-8088-exec-345] org.apache.catalina.core.ApplicationContext.log Manager: list: Listing contexts for virtual host 'localhost'
25-Mar-2022 17:14:04.851 INFO [http-nio-8088-exec-340] org.apache.catalina.core.ApplicationContext.log Manager: restart: Reloading web application '/'
25-Mar-2022 17:15:49.247 INFO [http-nio-8088-exec-344] org.apache.catalina.core.ApplicationContext.log Manager: list: Listing contexts for virtual host 'localhost'
25-Mar-2022 17:15:49.252 INFO [http-nio-8088-exec-339] org.apache.catalina.core.ApplicationContext.log Manager: restart: Reloading web application '/'
25-Mar-2022 17:32:08.620 INFO [http-nio-8088-exec-354] org.apache.catalina.core.ApplicationContext.log Manager: list: Listing contexts for virtual host 'localhost'
25-Mar-2022 17:32:08.632 INFO [http-nio-8088-exec-355] org.apache.catalina.core.ApplicationContext.log Manager: restart: Reloading web application '/'
25-Mar-2022 17:34:07.064 INFO [http-nio-8088-exec-360] org.apache.catalina.core.ApplicationContext.log Manager: list: Listing contexts for virtual host 'localhost'
25-Mar-2022 17:36:22.735 INFO [http-nio-8088-exec-368] org.apache.catalina.core.ApplicationContext.log Manager: list: Listing contexts for virtual host 'localhost'
25-Mar-2022 17:39:11.628 INFO [http-nio-8088-exec-369] org.apache.catalina.core.ApplicationContext.log Manager: list: Listing contexts for virtual host 'localhost'
25-Mar-2022 17:39:11.633 INFO [http-nio-8088-exec-364] org.apache.catalina.core.ApplicationContext.log Manager: restart: Reloading web application '/'
25-Mar-2022 17:40:05.638 INFO [http-nio-8088-exec-369] org.apache.catalina.core.ApplicationContext.log Manager: list: Listing contexts for virtual host 'localhost'
25-Mar-2022 17:40:05.642 INFO [http-nio-8088-exec-372] org.apache.catalina.core.ApplicationContext.log Manager: restart: Reloading web application '/'
25-Mar-2022 17:50:33.915 INFO [http-nio-8088-exec-379] org.apache.catalina.core.ApplicationContext.log Manager: list: Listing contexts for virtual host 'localhost'
25-Mar-2022 17:51:07.939 INFO [http-nio-8088-exec-383] org.apache.catalina.core.ApplicationContext.log Manager: list: Listing contexts for virtual host 'localhost'
25-Mar-2022 17:51:07.948 INFO [http-nio-8088-exec-382] org.apache.catalina.core.ApplicationContext.log Manager: restart: Reloading web application '/'
25-Mar-2022 17:53:23.825 INFO [http-nio-8088-exec-386] org.apache.catalina.core.ApplicationContext.log Manager: list: Listing contexts for virtual host 'localhost'
25-Mar-2022 17:53:23.836 INFO [http-nio-8088-exec-387] org.apache.catalina.core.ApplicationContext.log Manager: restart: Reloading web application '/'
25-Mar-2022 17:56:59.845 INFO [http-nio-8088-exec-397] org.apache.catalina.core.ApplicationContext.log Manager: list: Listing contexts for virtual host 'localhost'
25-Mar-2022 17:56:59.854 INFO [http-nio-8088-exec-396] org.apache.catalina.core.ApplicationContext.log Manager: restart: Reloading web application '/'
25-Mar-2022 17:57:53.324 INFO [http-nio-8088-exec-395] org.apache.catalina.core.ApplicationContext.log Manager: list: Listing contexts for virtual host 'localhost'
25-Mar-2022 17:58:25.250 INFO [http-nio-8088-exec-406] org.apache.catalina.core.ApplicationContext.log Manager: list: Listing contexts for virtual host 'localhost'
25-Mar-2022 17:59:01.472 INFO [http-nio-8088-exec-409] org.apache.catalina.core.ApplicationContext.log Manager: list: Listing contexts for virtual host 'localhost'
25-Mar-2022 18:05:26.338 INFO [http-nio-8088-exec-405] org.apache.catalina.core.ApplicationContext.log Manager: list: Listing contexts for virtual host 'localhost'
25-Mar-2022 18:09:09.081 INFO [http-nio-8088-exec-409] org.apache.catalina.core.ApplicationContext.log Manager: list: Listing contexts for virtual host 'localhost'
25-Mar-2022 18:22:51.021 INFO [http-nio-8088-exec-405] org.apache.catalina.core.ApplicationContext.log Manager: list: Listing contexts for virtual host 'localhost'
25-Mar-2022 18:22:51.034 INFO [http-nio-8088-exec-403] org.apache.catalina.core.ApplicationContext.log Manager: restart: Reloading web application '/'
25-Mar-2022 18:23:02.803 INFO [http-nio-8088-exec-405] org.apache.catalina.core.ApplicationContext.log Manager: list: Listing contexts for virtual host 'localhost'
25-Mar-2022 18:23:02.814 INFO [http-nio-8088-exec-404] org.apache.catalina.core.ApplicationContext.log Manager: restart: Reloading web application '/'
25-Mar-2022 18:23:36.620 INFO [http-nio-8088-exec-409] org.apache.catalina.core.ApplicationContext.log Manager: list: Listing contexts for virtual host 'localhost'
25-Mar-2022 18:23:36.630 INFO [http-nio-8088-exec-413] org.apache.catalina.core.ApplicationContext.log Manager: restart: Reloading web application '/'
25-Mar-2022 18:24:42.664 INFO [http-nio-8088-exec-409] org.apache.catalina.core.ApplicationContext.log Manager: list: Listing contexts for virtual host 'localhost'
25-Mar-2022 18:24:42.668 INFO [http-nio-8088-exec-419] org.apache.catalina.core.ApplicationContext.log Manager: restart: Reloading web application '/'
25-Mar-2022 18:26:26.441 INFO [http-nio-8088-exec-422] org.apache.catalina.core.ApplicationContext.log Manager: list: Listing contexts for virtual host 'localhost'
25-Mar-2022 18:26:32.368 INFO [http-nio-8088-exec-426] org.apache.catalina.core.ApplicationContext.log Manager: list: Listing contexts for virtual host 'localhost'
25-Mar-2022 18:26:50.536 INFO [http-nio-8088-exec-420] org.apache.catalina.core.ApplicationContext.log Manager: list: Listing contexts for virtual host 'localhost'
